Log file open, 09/23/20 13:02:23
LogWindows: Failed to load 'aqProf.dll' (GetLastError=126)
LogWindows: File 'aqProf.dll' does not exist
LogWindows: Failed to load 'VSPerf140.dll' (GetLastError=126)
LogWindows: File 'VSPerf140.dll' does not exist
LogWindows: Failed to load 'VtuneApi.dll' (GetLastError=126)
LogWindows: File 'VtuneApi.dll' does not exist
LogWindows: Failed to load 'VtuneApi32e.dll' (GetLastError=126)
LogWindows: File 'VtuneApi32e.dll' does not exist
LogInit: Display: Running engine for game: TallerPractico
LogPlatformFile: Not using cached read wrapper
LogInit: Display: RandInit(-319821966) SRandInit(-319821966).
LogInit: Read version file with build ID '3709383'
LogInit: Overriding engine version to CL 3832480, compatible CL 3709383
LogInit: Registered custom module enumerator with build ID '3709383'
LogTaskGraph: Started task graph with 5 named threads and 20 total threads with 3 sets of task threads.
LogStats: Stats thread started at 0.319524
LogD3D11RHI: Aftermath initialized
LogModuleManager: Display: Found up-to-date module file ../../../Engine/Plugins/2D/Paper2D/Binaries/Win64/UE4Editor-Paper2D.dll (API version 3709383).
LogModuleManager: Display: Found up-to-date module file ../../../Engine/Plugins/2D/Paper2D/Binaries/Win64/UE4Editor-Paper2DEditor.dll (API version 3709383).
LogModuleManager: Display: Found up-to-date module file ../../../Engine/Plugins/2D/Paper2D/Binaries/Win64/UE4Editor-PaperSpriteSheetImporter.dll (API version 3709383).
LogModuleManager: Display: Found up-to-date module file ../../../Engine/Plugins/2D/Paper2D/Binaries/Win64/UE4Editor-PaperTiledImporter.dll (API version 3709383).
LogModuleManager: Display: Found up-to-date module file ../../../Engine/Plugins/2D/Paper2D/Binaries/Win64/UE4Editor-SmartSnapping.dll (API version 3709383).
LogModuleManager: Display: Found up-to-date module file ../../../Engine/Plugins/Blendables/LightPropagationVolume/Binaries/Win64/UE4Editor-LightPropagationVolumeRuntime.dll (API version 3709383).
LogModuleManager: Display: Found up-to-date module file ../../../Engine/Plugins/Blendables/LightPropagationVolume/Binaries/Win64/UE4Editor-LightPropagationVolumeEditor.dll (API version 3709383).
LogModuleManager: Display: Found up-to-date module file ../../../Engine/Plugins/Developer/GitSourceControl/Binaries/Win64/UE4Editor-GitSourceControl.dll (API version 3709383).
LogModuleManager: Display: Found up-to-date module file ../../../Engine/Plugins/Developer/PerforceSourceControl/Binaries/Win64/UE4Editor-PerforceSourceControl.dll (API version 3709383).
LogModuleManager: Display: Found up-to-date module file ../../../Engine/Plugins/Developer/SubversionSourceControl/Binaries/Win64/UE4Editor-SubversionSourceControl.dll (API version 3709383).
LogModuleManager: Display: Found up-to-date module file ../../../Engine/Plugins/Developer/UObjectPlugin/Binaries/Win64/UE4Editor-UObjectPlugin.dll (API version 3709383).
LogModuleManager: Display: Found up-to-date module file ../../../Engine/Plugins/Developer/VisualStudioCodeSourceCodeAccess/Binaries/Win64/UE4Editor-VisualStudioCodeSourceCodeAccess.dll (API version 3709383).
LogModuleManager: Display: Found up-to-date module file ../../../Engine/Plugins/Developer/VisualStudioSourceCodeAccess/Binaries/Win64/UE4Editor-VisualStudioSourceCodeAccess.dll (API version 3709383).
LogModuleManager: Display: Found up-to-date module file ../../../Engine/Plugins/Editor/AssetManagerEditor/Binaries/Win64/UE4Editor-AssetManagerEditor.dll (API version 3709383).
LogModuleManager: Display: Found up-to-date module file ../../../Engine/Plugins/Editor/AudioCapture/Binaries/Win64/UE4Editor-AudioCapture.dll (API version 3709383).
LogModuleManager: Display: Found up-to-date module file ../../../Engine/Plugins/Editor/FacialAnimation/Binaries/Win64/UE4Editor-FacialAnimation.dll (API version 3709383).
LogModuleManager: Display: Found up-to-date module file ../../../Engine/Plugins/Editor/FacialAnimation/Binaries/Win64/UE4Editor-FacialAnimationEditor.dll (API version 3709383).
LogModuleManager: Display: Found up-to-date module file ../../../Engine/Plugins/Editor/GameplayTagsEditor/Binaries/Win64/UE4Editor-GameplayTagsEditor.dll (API version 3709383).
LogModuleManager: Display: Found up-to-date module file ../../../Engine/Plugins/Editor/MobileLauncherProfileWizard/Binaries/Win64/UE4Editor-MobileLauncherProfileWizard.dll (API version 3709383).
LogModuleManager: Display: Found up-to-date module file ../../../Engine/Plugins/Editor/PluginBrowser/Binaries/Win64/UE4Editor-PluginBrowser.dll (API version 3709383).
LogModuleManager: Display: Found up-to-date module file ../../../Engine/Plugins/Editor/SpeedTreeImporter/Binaries/Win64/UE4Editor-SpeedTreeImporter.dll (API version 3709383).
LogModuleManager: Display: Found up-to-date module file ../../../Engine/Plugins/Experimental/AlembicImporter/Binaries/Win64/UE4Editor-AlembicImporter.dll (API version 3709383).
LogModuleManager: Display: Found up-to-date module file ../../../Engine/Plugins/Experimental/AlembicImporter/Binaries/Win64/UE4Editor-AlembicLibrary.dll (API version 3709383).
LogModuleManager: Display: Found up-to-date module file ../../../Engine/Plugins/Experimental/CharacterAI/Binaries/Win64/UE4Editor-CharacterAI.dll (API version 3709383).
LogModuleManager: Display: Found up-to-date module file ../../../Engine/Plugins/Experimental/HTML5Networking/Binaries/Win64/UE4Editor-HTML5Networking.dll (API version 3709383).
LogModuleManager: Display: Found up-to-date module file ../../../Engine/Plugins/Media/AndroidMedia/Binaries/Win64/UE4Editor-AndroidMediaEditor.dll (API version 3709383).
LogModuleManager: Display: Found up-to-date module file ../../../Engine/Plugins/Media/AndroidMedia/Binaries/Win64/UE4Editor-AndroidMediaFactory.dll (API version 3709383).
LogModuleManager: Display: Found up-to-date module file ../../../Engine/Plugins/Media/AvfMedia/Binaries/Win64/UE4Editor-AvfMediaEditor.dll (API version 3709383).
LogModuleManager: Display: Found up-to-date module file ../../../Engine/Plugins/Media/AvfMedia/Binaries/Win64/UE4Editor-AvfMediaFactory.dll (API version 3709383).
LogModuleManager: Display: Found up-to-date module file ../../../Engine/Plugins/Media/AvfMedia/Binaries/Win64/UE4Editor-AvfMediaFactory.dll (API version 3709383).
LogModuleManager: Display: Found up-to-date module file ../../../Engine/Plugins/Media/ImgMedia/Binaries/Win64/UE4Editor-ImgMedia.dll (API version 3709383).
LogModuleManager: Display: Found up-to-date module file ../../../Engine/Plugins/Media/ImgMedia/Binaries/Win64/UE4Editor-ImgMediaEditor.dll (API version 3709383).
LogModuleManager: Display: Found up-to-date module file ../../../Engine/Plugins/Media/ImgMedia/Binaries/Win64/UE4Editor-ImgMediaFactory.dll (API version 3709383).
LogModuleManager: Display: Found up-to-date module file ../../../Engine/Plugins/Media/ImgMedia/Binaries/Win64/UE4Editor-ImgMediaFactory.dll (API version 3709383).
LogModuleManager: Display: Found up-to-date module file ../../../Engine/Plugins/Media/ImgMedia/Binaries/Win64/UE4Editor-OpenExrWrapper.dll (API version 3709383).
LogModuleManager: Display: Found up-to-date module file ../../../Engine/Plugins/Media/MediaCompositing/Binaries/Win64/UE4Editor-MediaCompositing.dll (API version 3709383).
LogModuleManager: Display: Found up-to-date module file ../../../Engine/Plugins/Media/MediaCompositing/Binaries/Win64/UE4Editor-MediaCompositingEditor.dll (API version 3709383).
LogModuleManager: Display: Found up-to-date module file ../../../Engine/Plugins/Media/MediaPlayerEditor/Binaries/Win64/UE4Editor-MediaPlayerEditor.dll (API version 3709383).
LogModuleManager: Display: Found up-to-date module file ../../../Engine/Plugins/Media/WmfMedia/Binaries/Win64/UE4Editor-WmfMedia.dll (API version 3709383).
LogModuleManager: Display: Found up-to-date module file ../../../Engine/Plugins/Media/WmfMedia/Binaries/Win64/UE4Editor-WmfMediaEditor.dll (API version 3709383).
LogModuleManager: Display: Found up-to-date module file ../../../Engine/Plugins/Media/WmfMedia/Binaries/Win64/UE4Editor-WmfMediaFactory.dll (API version 3709383).
LogModuleManager: Display: Found up-to-date module file ../../../Engine/Plugins/Media/WmfMedia/Binaries/Win64/UE4Editor-WmfMediaFactory.dll (API version 3709383).
LogModuleManager: Display: Found up-to-date module file ../../../Engine/Plugins/Messaging/TcpMessaging/Binaries/Win64/UE4Editor-TcpMessaging.dll (API version 3709383).
LogModuleManager: Display: Found up-to-date module file ../../../Engine/Plugins/Messaging/UdpMessaging/Binaries/Win64/UE4Editor-UdpMessaging.dll (API version 3709383).
LogModuleManager: Display: Found up-to-date module file ../../../Engine/Plugins/MovieScene/ActorSequence/Binaries/Win64/UE4Editor-ActorSequence.dll (API version 3709383).
LogModuleManager: Display: Found up-to-date module file ../../../Engine/Plugins/MovieScene/LevelSequenceEditor/Binaries/Win64/UE4Editor-LevelSequenceEditor.dll (API version 3709383).
LogModuleManager: Display: Found up-to-date module file ../../../Engine/Plugins/MovieScene/MatineeToLevelSequence/Binaries/Win64/UE4Editor-MatineeToLevelSequence.dll (API version 3709383).
LogModuleManager: Display: Found up-to-date module file ../../../Engine/Plugins/Online/OnlineSubsystem/Binaries/Win64/UE4Editor-OnlineSubsystem.dll (API version 3709383).
LogModuleManager: Display: Found up-to-date module file ../../../Engine/Plugins/Runtime/AndroidPermission/Binaries/Win64/UE4Editor-AndroidPermission.dll (API version 3709383).
LogModuleManager: Display: Found up-to-date module file ../../../Engine/Plugins/Online/OnlineSubsystemNull/Binaries/Win64/UE4Editor-OnlineSubsystemNull.dll (API version 3709383).
LogModuleManager: Display: Found up-to-date module file ../../../Engine/Plugins/Online/OnlineSubsystemUtils/Binaries/Win64/UE4Editor-OnlineSubsystemUtils.dll (API version 3709383).
LogModuleManager: Display: Found up-to-date module file ../../../Engine/Plugins/Online/OnlineSubsystemUtils/Binaries/Win64/UE4Editor-OnlineBlueprintSupport.dll (API version 3709383).
LogModuleManager: Display: Found up-to-date module file ../../../Engine/Plugins/Runtime/AndroidDeviceProfileSelector/Binaries/Win64/UE4Editor-AndroidDeviceProfileSelector.dll (API version 3709383).
LogModuleManager: Display: Found up-to-date module file ../../../Engine/Plugins/Runtime/AppleARKit/Binaries/Win64/UE4Editor-AppleARKit.dll (API version 3709383).
LogModuleManager: Display: Found up-to-date module file ../../../Engine/Plugins/Runtime/ArchVisCharacter/Binaries/Win64/UE4Editor-ArchVisCharacter.dll (API version 3709383).
LogModuleManager: Display: Found up-to-date module file ../../../Engine/Plugins/Runtime/CableComponent/Binaries/Win64/UE4Editor-CableComponent.dll (API version 3709383).
LogModuleManager: Display: Found up-to-date module file ../../../Engine/Plugins/Runtime/CustomMeshComponent/Binaries/Win64/UE4Editor-CustomMeshComponent.dll (API version 3709383).
LogModuleManager: Display: Found up-to-date module file ../../../Engine/Plugins/Runtime/ExampleDeviceProfileSelector/Binaries/Win64/UE4Editor-ExampleDeviceProfileSelector.dll (API version 3709383).
LogModuleManager: Display: Found up-to-date module file ../../../Engine/Plugins/Runtime/ImmediatePhysics/Binaries/Win64/UE4Editor-ImmediatePhysics.dll (API version 3709383).
LogModuleManager: Display: Found up-to-date module file ../../../Engine/Plugins/Runtime/ImmediatePhysics/Binaries/Win64/UE4Editor-ImmediatePhysicsEditor.dll (API version 3709383).
LogModuleManager: Display: Found up-to-date module file ../../../Engine/Plugins/Runtime/LocationServicesBPLibrary/Binaries/Win64/UE4Editor-LocationServicesBPLibrary.dll (API version 3709383).
LogModuleManager: Display: Found up-to-date module file ../../../Engine/Plugins/Runtime/MobilePatchingUtils/Binaries/Win64/UE4Editor-MobilePatchingUtils.dll (API version 3709383).
LogModuleManager: Display: Found up-to-date module file ../../../Engine/Plugins/Runtime/Oculus/OculusVR/Binaries/Win64/UE4Editor-OculusHMD.dll (API version 3709383).
LogModuleManager: Display: Found up-to-date module file ../../../Engine/Plugins/Runtime/Oculus/OculusVR/Binaries/Win64/UE4Editor-OculusInput.dll (API version 3709383).
LogModuleManager: Display: Found up-to-date module file ../../../Engine/Plugins/Runtime/Oculus/OculusVR/Binaries/Win64/UE4Editor-OculusEditor.dll (API version 3709383).
LogModuleManager: Display: Found up-to-date module file ../../../Engine/Plugins/Runtime/PhysXVehicles/Binaries/Win64/UE4Editor-PhysXVehicles.dll (API version 3709383).
LogModuleManager: Display: Found up-to-date module file ../../../Engine/Plugins/Runtime/PhysXVehicles/Binaries/Win64/UE4Editor-PhysXVehiclesEditor.dll (API version 3709383).
LogModuleManager: Display: Found up-to-date module file ../../../Engine/Plugins/Runtime/ProceduralMeshComponent/Binaries/Win64/UE4Editor-ProceduralMeshComponent.dll (API version 3709383).
LogModuleManager: Display: Found up-to-date module file ../../../Engine/Plugins/Runtime/ProceduralMeshComponent/Binaries/Win64/UE4Editor-ProceduralMeshComponentEditor.dll (API version 3709383).
LogModuleManager: Display: Found up-to-date module file ../../../Engine/Plugins/Runtime/RuntimePhysXCooking/Binaries/Win64/UE4Editor-RuntimePhysXCooking.dll (API version 3709383).
LogModuleManager: Display: Found up-to-date module file ../../../Engine/Plugins/Runtime/Steam/SteamVR/Binaries/Win64/UE4Editor-SteamVR.dll (API version 3709383).
LogModuleManager: Display: Found up-to-date module file ../../../Engine/Plugins/Runtime/Steam/SteamVR/Binaries/Win64/UE4Editor-SteamVRController.dll (API version 3709383).
LogModuleManager: Display: Found up-to-date module file ../../../Engine/Plugins/Runtime/WindowsMoviePlayer/Binaries/Win64/UE4Editor-WindowsMoviePlayer.dll (API version 3709383).
LogPluginManager: Mounting plugin Paper2D
LogPluginManager: Mounting plugin LightPropagationVolume
LogPluginManager: Mounting plugin CodeLiteSourceCodeAccess
LogPluginManager: Mounting plugin GitSourceControl
LogPluginManager: Mounting plugin KDevelopSourceCodeAccess
LogPluginManager: Mounting plugin NullSourceCodeAccess
LogPluginManager: Mounting plugin PerforceSourceControl
LogPluginManager: Mounting plugin SubversionSourceControl
LogPluginManager: Mounting plugin UObjectPlugin
LogPluginManager: Mounting plugin VisualStudioCodeSourceCodeAccess
LogPluginManager: Mounting plugin VisualStudioSourceCodeAccess
LogPluginManager: Mounting plugin XCodeSourceCodeAccess
LogPluginManager: Mounting plugin AssetManagerEditor
LogPluginManager: Mounting plugin AudioCapture
LogPluginManager: Mounting plugin FacialAnimation
LogPluginManager: Mounting plugin GameplayTagsEditor
LogPluginManager: Mounting plugin MobileLauncherProfileWizard
LogPluginManager: Mounting plugin PluginBrowser
LogPluginManager: Mounting plugin SpeedTreeImporter
LogPluginManager: Mounting plugin AlembicImporter
LogPluginManager: Mounting plugin CharacterAI
LogPluginManager: Mounting plugin HTML5Networking
LogPluginManager: Mounting plugin AndroidMedia
LogPluginManager: Mounting plugin AvfMedia
LogPluginManager: Mounting plugin ImgMedia
LogPluginManager: Mounting plugin MediaCompositing
LogPluginManager: Mounting plugin MediaPlayerEditor
LogPluginManager: Mounting plugin WmfMedia
LogPluginManager: Mounting plugin TcpMessaging
LogPluginManager: Mounting plugin UdpMessaging
LogPluginManager: Mounting plugin ActorSequence
LogPluginManager: Mounting plugin LevelSequenceEditor
LogPluginManager: Mounting plugin MatineeToLevelSequence
LogPluginManager: Mounting plugin OnlineSubsystemGooglePlay
LogPluginManager: Mounting plugin OnlineSubsystemIOS
LogPluginManager: Mounting plugin OnlineSubsystem
LogPluginManager: Mounting plugin OnlineSubsystemNull
LogPluginManager: Mounting plugin OnlineSubsystemUtils
LogPluginManager: Mounting plugin AndroidDeviceProfileSelector
LogPluginManager: Mounting plugin AndroidMoviePlayer
LogPluginManager: Mounting plugin AndroidPermission
LogPluginManager: Mounting plugin AppleARKit
LogPluginManager: Mounting plugin AppleMoviePlayer
LogPluginManager: Mounting plugin ArchVisCharacter
LogPluginManager: Mounting plugin CableComponent
LogPluginManager: Mounting plugin CustomMeshComponent
LogPluginManager: Mounting plugin ExampleDeviceProfileSelector
LogPluginManager: Mounting plugin GoogleCloudMessaging
LogPluginManager: Mounting plugin ImmediatePhysics
LogPluginManager: Mounting plugin IOSDeviceProfileSelector
LogPluginManager: Mounting plugin LinuxDeviceProfileSelector
LogPluginManager: Mounting plugin LocationServicesBPLibrary
LogPluginManager: Mounting plugin MobilePatchingUtils
LogPluginManager: Mounting plugin OculusVR
LogPluginManager: Plugin shader directory ../../../Engine/Plugins/Runtime/Oculus/OculusVR/Shaders found
LogPluginManager: Mapping shader source directory ../../../Engine/Plugins/Runtime/Oculus/OculusVR/Shaders to virtual directory /Plugin/OculusVR
LogPluginManager: Mounting plugin PhysXVehicles
LogPluginManager: Mounting plugin ProceduralMeshComponent
LogPluginManager: Mounting plugin RuntimePhysXCooking
LogPluginManager: Mounting plugin SteamVR
LogPluginManager: Mounting plugin WindowsMoviePlayer
LogInit: Using libcurl 7.47.1
LogInit:  - built for x86_64-pc-win32
LogInit:  - supports SSL with OpenSSL/1.0.2g
LogInit:  - supports HTTP deflate (compression) using libz 1.2.8
LogInit:  - other features:
LogInit:      CURL_VERSION_SSL
LogInit:      CURL_VERSION_LIBZ
LogInit:      CURL_VERSION_IPV6
LogInit:      CURL_VERSION_ASYNCHDNS
LogInit:      CURL_VERSION_LARGEFILE
LogInit:      CURL_VERSION_IDN
LogInit:  CurlRequestOptions (configurable via config and command line):
LogInit:  - bVerifyPeer = false  - Libcurl will NOT verify peer certificate
LogInit:  - bUseHttpProxy = false  - Libcurl will NOT use HTTP proxy
LogInit:  - bDontReuseConnections = false  - Libcurl will reuse connections
LogInit:  - CertBundlePath = nullptr  - Libcurl will use whatever was configured at build time.
LogInit: Build: ++UE4+Release-4.18-CL-3832480
LogInit: Engine Version: 4.18.3-3832480+++UE4+Release-4.18
LogInit: Compatible Engine Version: 4.18.0-3709383+++UE4+Release-4.18
LogInit: Net CL: 3709383
LogDevObjectVersion: Number of dev versions registered: 16
LogDevObjectVersion:   Dev-Blueprints (B0D832E4-1F89-4F0D-ACCF-7EB736FD4AA2): 10
LogDevObjectVersion:   Dev-Build (E1C64328-A22C-4D53-A36C-8E866417BD8C): 0
LogDevObjectVersion:   Dev-Core (375EC13C-06E4-48FB-B500-84F0262A717E): 2
LogDevObjectVersion:   Dev-Editor (E4B068ED-F494-42E9-A231-DA0B2E46BB41): 20
LogDevObjectVersion:   Dev-Framework (CFFC743F-43B0-4480-9391-14DF171D2073): 30
LogDevObjectVersion:   Dev-Mobile (B02B49B5-BB20-44E9-A304-32B752E40360): 0
LogDevObjectVersion:   Dev-Networking (A4E4105C-59A1-49B5-A7C5-40C4547EDFEE): 0
LogDevObjectVersion:   Dev-Online (39C831C9-5AE6-47DC-9A44-9C173E1C8E7C): 0
LogDevObjectVersion:   Dev-Physics (78F01B33-EBEA-4F98-B9B4-84EACCB95AA2): 0
LogDevObjectVersion:   Dev-Platform (6631380F-2D4D-43E0-8009-CF276956A95A): 0
LogDevObjectVersion:   Dev-Rendering (12F88B9F-8875-4AFC-A67C-D90C383ABD29): 20
LogDevObjectVersion:   Dev-Sequencer (7B5AE74C-D270-4C10-A958-57980B212A5A): 4
LogDevObjectVersion:   Dev-VR (D7296918-1DD6-4BDD-9DE2-64A83CC13884): 0
LogDevObjectVersion:   Dev-LoadTimes (C2A15278-BFE7-4AFE-6C17-90FF531DF755): 1
LogDevObjectVersion:   Private-Geometry (6EACA3D4-40EC-4CC1-B786-8BED09428FC5): 1
LogDevObjectVersion:   Dev-AnimPhys (29E575DD-E0A3-4627-9D10-D276232CDCEA): 12
LogInit: Compiled (64-bit): Jan 12 2018 02:04:55
LogInit: Compiled with Visual C++: 19.00.24215.01
LogInit: Build Configuration: Development
LogInit: Branch Name: ++UE4+Release-4.18
LogInit: Command line: 
LogInit: Base directory: D:/EpicGames/Games/UE_4.18/Engine/Binaries/Win64/
LogInit: Installed Engine Build: 1
LogInit: Presizing for max 8388607 objects, including 0 objects not considered by GC, pre-allocating 0 bytes for permanent pool.
LogInit: Object subsystem initialized
[2020.09.23-18.02.25:749][  0]LogInit: Selected Device Profile: [Windows]
[2020.09.23-18.02.25:749][  0]LogInit: Applying CVar settings loaded from the selected device profile: [Windows]
[2020.09.23-18.02.25:761][  0]LogInit: Computer: SEBASTIANMUÑOZV
[2020.09.23-18.02.25:761][  0]LogInit: User: Sebastian
[2020.09.23-18.02.25:761][  0]LogInit: CPU Page size=4096, Cores=6
[2020.09.23-18.02.25:761][  0]LogInit: High frequency timer resolution =10.000000 MHz
[2020.09.23-18.02.25:761][  0]LogMemory: Memory total: Physical=15.9GB (16GB approx)
[2020.09.23-18.02.25:761][  0]LogMemory: Platform Memory Stats for Windows
[2020.09.23-18.02.25:761][  0]LogMemory: Process Physical Memory: 275.66 MB used, 275.67 MB peak
[2020.09.23-18.02.25:761][  0]LogMemory: Process Virtual Memory: 270.30 MB used, 270.30 MB peak
[2020.09.23-18.02.25:761][  0]LogMemory: Physical Memory: 4666.75 MB used,  11659.59 MB free, 16326.34 MB total
[2020.09.23-18.02.25:761][  0]LogMemory: Virtual Memory: 4769.38 MB used,  11659.59 MB free, 134217728.00 MB total
[2020.09.23-18.02.26:274][  0]LogInit: Overriding language with editor language configuration option (en).
[2020.09.23-18.02.26:274][  0]LogInit: Overriding locale with editor locale configuration option (en).
[2020.09.23-18.02.26:574][  0]LogInit: Setting process to per monitor DPI aware
[2020.09.23-18.02.26:967][  0]LogD3D11RHI: D3D11 adapters:
[2020.09.23-18.02.27:057][  0]LogD3D11RHI:    0. 'NVIDIA GeForce RTX 2060 SUPER' (Feature Level 11_0)
[2020.09.23-18.02.27:057][  0]LogD3D11RHI:       8031/0/8163 MB DedicatedVideo/DedicatedSystem/SharedSystem, Outputs:2, VendorId:0x10de
[2020.09.23-18.02.27:060][  0]LogD3D11RHI:    1. 'Microsoft Basic Render Driver' (Feature Level 11_0)
[2020.09.23-18.02.27:060][  0]LogD3D11RHI:       0/0/8163 MB DedicatedVideo/DedicatedSystem/SharedSystem, Outputs:0, VendorId:0x1414
[2020.09.23-18.02.27:060][  0]LogD3D11RHI: Chosen D3D11 Adapter: 0
[2020.09.23-18.02.27:065][  0]LogD3D11RHI: Creating new Direct3DDevice
[2020.09.23-18.02.27:065][  0]LogD3D11RHI:     GPU DeviceId: 0x1f06 (for the marketing name, search the web for "GPU Device Id")
[2020.09.23-18.02.27:065][  0]LogWindows: EnumDisplayDevices:
[2020.09.23-18.02.27:065][  0]LogWindows:    0. 'NVIDIA GeForce RTX 2060 SUPER' (P:1 D:1)
[2020.09.23-18.02.27:065][  0]LogWindows:    1. 'NVIDIA GeForce RTX 2060 SUPER' (P:0 D:1)
[2020.09.23-18.02.27:065][  0]LogWindows:    2. 'NVIDIA GeForce RTX 2060 SUPER' (P:0 D:0)
[2020.09.23-18.02.27:065][  0]LogWindows:    3. 'NVIDIA GeForce RTX 2060 SUPER' (P:0 D:0)
[2020.09.23-18.02.27:065][  0]LogWindows: DebugString: GetVideoDriverDetailsInvalid PrimaryIsNotTheChoosenAdapter GetVideoDriverDetailsInvalid PrimaryIsNotTheChoosenAdapter GetVideoDriverDetailsInvalid PrimaryIsNotTheChoosenAdapter GetVideoDriverDetailsInvalid PrimaryIsNotTheChoosenAdapter FoundDriverCount:0 
[2020.09.23-18.02.27:065][  0]LogD3D11RHI:     Adapter Name: NVIDIA GeForce RTX 2060 SUPER
[2020.09.23-18.02.27:065][  0]LogD3D11RHI:   Driver Version: Unknown (internal:Unknown, unified:Unknown)
[2020.09.23-18.02.27:065][  0]LogD3D11RHI:      Driver Date: Unknown
[2020.09.23-18.02.27:065][  0]LogRHI: Texture pool is 5621 MB (70% of 8031 MB)
[2020.09.23-18.02.27:124][  0]LogD3D11RHI: Async texture creation enabled
[2020.09.23-18.02.27:134][  0]LogD3D11RHI: GPU Timing Frequency: 1000.000000 (Debug: 2 1)
[2020.09.23-18.02.27:137][  0]LogShaderCompilers: Guid format shader working directory is -22 characters bigger than the processId version (C:/Users/Sebastian/Desktop/TallerPractico/TallerPractico/TallerPractico/Intermediate/Shaders/WorkingDirectory/13180/).
[2020.09.23-18.02.27:137][  0]LogShaderCompilers: Cleaned the shader compiler working directory 'C:/Users/Sebastian/AppData/Local/Temp/UnrealShaderWorkingDir/272E78A6441046B8AF759BB760F4C9C9/'.
[2020.09.23-18.02.27:137][  0]LogShaderCompilers: Display: Using Local Shader Compiler.
[2020.09.23-18.02.28:206][  0]LogTemp: Display: Loaded TP AllDesktopTargetPlatform
[2020.09.23-18.02.28:352][  0]LogTemp: Display: Loaded TP MacClientTargetPlatform
[2020.09.23-18.02.28:498][  0]LogTemp: Display: Loaded TP MacNoEditorTargetPlatform
[2020.09.23-18.02.28:642][  0]LogTemp: Display: Loaded TP MacServerTargetPlatform
[2020.09.23-18.02.28:787][  0]LogTemp: Display: Loaded TP MacTargetPlatform
[2020.09.23-18.02.28:932][  0]LogTemp: Display: Loaded TP WindowsClientTargetPlatform
[2020.09.23-18.02.29:077][  0]LogTemp: Display: Loaded TP WindowsNoEditorTargetPlatform
[2020.09.23-18.02.29:221][  0]LogTemp: Display: Loaded TP WindowsServerTargetPlatform
[2020.09.23-18.02.29:362][  0]LogTemp: Display: Loaded TP WindowsTargetPlatform
[2020.09.23-18.02.29:506][  0]LogTemp: Display: Loaded TP Android_ASTCTargetPlatform
[2020.09.23-18.02.29:649][  0]LogTemp: Display: Loaded TP Android_ATCTargetPlatform
[2020.09.23-18.02.29:796][  0]LogTemp: Display: Loaded TP Android_DXTTargetPlatform
[2020.09.23-18.02.29:939][  0]LogTemp: Display: Loaded TP Android_ETC1TargetPlatform
[2020.09.23-18.02.30:083][  0]LogTemp: Display: Loaded TP Android_ETC2TargetPlatform
[2020.09.23-18.02.30:369][  0]LogTemp: Display: Loaded TP Android_MultiTargetPlatform
[2020.09.23-18.02.30:369][  0]LogTemp: Display: Loaded TP Android_PVRTCTargetPlatform
[2020.09.23-18.02.30:515][  0]LogTemp: Display: Loaded TP AndroidTargetPlatform
[2020.09.23-18.02.30:651][  0]LogTemp: Display: Loaded TP HTML5TargetPlatform
[2020.09.23-18.02.30:880][  0]LogTemp: Display: Loaded TP IOSTargetPlatform
[2020.09.23-18.02.30:951][  0]LogTemp: Display: Loaded TP TVOSTargetPlatform
[2020.09.23-18.02.31:094][  0]LogTemp: Display: Loaded TP LinuxClientTargetPlatform
[2020.09.23-18.02.31:236][  0]LogTemp: Display: Loaded TP LinuxNoEditorTargetPlatform
[2020.09.23-18.02.31:382][  0]LogTemp: Display: Loaded TP LinuxServerTargetPlatform
[2020.09.23-18.02.31:527][  0]LogTemp: Display: Loaded TP LinuxTargetPlatform
[2020.09.23-18.02.31:527][  0]LogTargetPlatformManager: Display: Building Assets For Windows
[2020.09.23-18.02.33:011][  0]LogDerivedDataCache: Display: Max Cache Size: 512 MB
[2020.09.23-18.02.33:077][  0]LogDerivedDataCache: Loaded boot cache 0.07s 78MB C:/Users/Sebastian/AppData/Local/UnrealEngine/4.18/DerivedDataCache/Boot.ddc.
[2020.09.23-18.02.33:077][  0]LogDerivedDataCache: Display: Loaded Boot cache: C:/Users/Sebastian/AppData/Local/UnrealEngine/4.18/DerivedDataCache/Boot.ddc
[2020.09.23-18.02.33:078][  0]LogDerivedDataCache: FDerivedDataBackendGraph:  Pak pak cache file C:/Users/Sebastian/Desktop/TallerPractico/TallerPractico/TallerPractico/DerivedDataCache/DDC.ddp not found, will not use a pak cache.
[2020.09.23-18.02.33:078][  0]LogDerivedDataCache: Unable to find inner node Pak for hierarchical cache Hierarchy.
[2020.09.23-18.02.33:078][  0]LogDerivedDataCache: FDerivedDataBackendGraph:  CompressedPak pak cache file C:/Users/Sebastian/Desktop/TallerPractico/TallerPractico/TallerPractico/DerivedDataCache/Compressed.ddp not found, will not use a pak cache.
[2020.09.23-18.02.33:078][  0]LogDerivedDataCache: Unable to find inner node CompressedPak for hierarchical cache Hierarchy.
[2020.09.23-18.02.33:090][  0]LogDerivedDataCache: Display: Pak cache opened for reading ../../../Engine/DerivedDataCache/Compressed.ddp.
[2020.09.23-18.02.33:103][  0]LogDerivedDataCache: Using Local data cache path C:/Users/Sebastian/AppData/Local/UnrealEngine/Common/DerivedDataCache: Writable
[2020.09.23-18.02.33:111][  0]LogMaterial: Verifying Global Shaders for PCD3D_SM5
[2020.09.23-18.02.33:111][  0]LogSlate: Using Freetype 2.6.0
[2020.09.23-18.02.33:112][  0]LogSlate: SlateFontCache - WITH_FREETYPE: 1, WITH_HARFBUZZ: 1
[2020.09.23-18.02.33:112][  0]LogSlate: SlateFontCache - WITH_FREETYPE: 1, WITH_HARFBUZZ: 1
[2020.09.23-18.02.33:492][  0]LogInit: Selected Device Profile: [Windows]
[2020.09.23-18.02.34:291][  0]LogSimplygon: Simplygon DLL not present - disabling.
[2020.09.23-18.02.34:427][  0]LogMeshReduction: Using SimplygonSwarm for distributed automatic mesh merging
[2020.09.23-18.02.34:427][  0]LogMeshReduction: Using QuadricMeshReduction for automatic static mesh reduction
[2020.09.23-18.02.34:427][  0]LogMeshReduction: No automatic skeletal mesh reduction module available
[2020.09.23-18.02.34:427][  0]LogMeshReduction: No automatic mesh merging module available
[2020.09.23-18.02.34:427][  0]LogMeshMerging: No automatic mesh merging module available
[2020.09.23-18.02.34:457][  0]LogNetVersion: TallerPractico , NetCL: 3709383, EngineNetVer: 2, GameNetVer: 0 (Checksum: 120631222)
[2020.09.23-18.02.34:711][  0]LogAssetRegistry: FAssetRegistry took 0.0260 seconds to start up
[2020.09.23-18.02.35:336][  0]LogPackageLocalizationCache: Processed 7 localized package path(s) for 1 prioritized culture(s) in 0.038189 seconds
[2020.09.23-18.02.35:340][  0]LogUObjectArray: 35870 objects as part of root set at end of initial load.
[2020.09.23-18.02.35:341][  0]LogUObjectAllocator: 7363704 out of 0 bytes used by permanent object pool.
[2020.09.23-18.02.35:341][  0]LogUObjectArray: CloseDisregardForGC: 0/0 objects in disregard for GC pool
[2020.09.23-18.02.35:530][  0]LogInit: WinSock: version 1.1 (2.2), MaxSocks=32767, MaxUdp=65467
[2020.09.23-18.02.41:399][  0]LogTcpMessaging: Initializing TcpMessaging bridge
[2020.09.23-18.02.41:502][  0]LogUdpMessaging: Initializing bridge on interface 0.0.0.0:0 to multicast group 230.0.0.1:6666.
[2020.09.23-18.02.43:282][  0]LogMaterial: Uniform references updated for custom material expression Custom.
[2020.09.23-18.02.44:389][  0]SourceControl: Source control is disabled
[2020.09.23-18.02.44:389][  0]SourceControl: Source control is disabled
[2020.09.23-18.02.44:544][  0]SourceControl: Source control is disabled
[2020.09.23-18.02.44:700][  0]SourceControl: Source control is disabled
[2020.09.23-18.02.47:014][  0]LogAndroidPermission: UAndroidPermissionCallbackProxy::GetInstance
[2020.09.23-18.02.47:793][  0]LogOcInput: OculusInput pre-init called
[2020.09.23-18.02.48:578][  0]LogEngine: Initializing Engine...
[2020.09.23-18.02.48:581][  0]LogHMD: Failed to initialize OpenVR with code 110
[2020.09.23-18.02.48:766][  0]LogStats: UGameplayTagsManager::ConstructGameplayTagTree: Construct from data asset -  0.000 s
[2020.09.23-18.02.48:766][  0]LogStats: UGameplayTagsManager::ConstructGameplayTagTree: GameplayTagTreeChangedEvent.Broadcast -  0.000 s
[2020.09.23-18.02.49:175][  0]LogAIModule: Creating AISystem for world Untitled
[2020.09.23-18.02.49:193][  0]LogInit: XAudio2 using 'Altavoces (Realtek(R) Audio)' : 2 channels at 48 kHz using 32 bits per sample (channel mask 0x3)
[2020.09.23-18.02.49:217][  0]LogInit: FAudioDevice initialized.
[2020.09.23-18.02.49:325][  0]LogDerivedDataCache: Saved boot cache 0.11s 78MB C:/Users/Sebastian/AppData/Local/UnrealEngine/4.18/DerivedDataCache/Boot.ddc.
[2020.09.23-18.02.49:338][  0]LogInit: Texture streaming: Enabled
[2020.09.23-18.02.49:675][  0]LogEngineSessionManager: EngineSessionManager initialized
[2020.09.23-18.02.50:089][  0]LogInit: Transaction tracking system initialized
[2020.09.23-18.02.51:111][  0]BlueprintLog: New page: Editor Load
[2020.09.23-18.02.54:024][  0]LocalizationService: Localization service is disabled
[2020.09.23-18.02.56:342][  0]LogConsoleResponse: Display: 
[2020.09.23-18.02.56:578][  0]LogCook: Display: Max memory allowance for cook 16384mb min free memory 0mb
[2020.09.23-18.02.56:578][  0]LogCook: Display: Mobile HDR setting 1
[2020.09.23-18.02.56:578][  0]LogGameplayTags: Display: UGameplayTagsManager::DoneAddingNativeTags. DelegateIsBound: 0
[2020.09.23-18.02.57:036][  0]LogFileCache: Scanning file cache for directory 'C:/Users/Sebastian/Desktop/TallerPractico/TallerPractico/TallerPractico/Content/' took 0.01s
[2020.09.23-18.03.00:127][  0]SourceControl: Source control is disabled
[2020.09.23-18.03.00:127][  0]Cmd: MAP LOAD FILE="C:/Users/Sebastian/Desktop/TallerPractico/TallerPractico/TallerPractico/Content/FirstPersonBP/Maps/FirstPersonExampleMap.umap" TEMPLATE=0 SHOWPROGRESS=1 FEATURELEVEL=3
[2020.09.23-18.03.00:132][  0]LightingResults: New page: Lighting Build
[2020.09.23-18.03.00:268][  0]MapCheck: New page: Map Check
[2020.09.23-18.03.00:269][  0]LightingResults: New page: Lighting Build
[2020.09.23-18.03.01:231][  0]LogAIModule: Creating AISystem for world FirstPersonExampleMap
[2020.09.23-18.03.01:346][  0]LogEditorServer: Finished looking for orphan Actors (0.000 secs)
[2020.09.23-18.03.01:366][  0]Cmd: MAP CHECKDEP NOCLEARLOG
[2020.09.23-18.03.01:448][  0]MapCheck: Map check complete: 0 Error(s), 0 Warning(s), took 80.825ms to complete.
[2020.09.23-18.03.01:448][  0]LogFileHelpers: Loading map 'FirstPersonExampleMap' took 1.320
[2020.09.23-18.03.01:873][  0]LogCollectionManager: Loaded 0 collections in 0.000846 seconds
[2020.09.23-18.03.02:098][  0]LogFileCache: Scanning file cache for directory 'C:/Users/Sebastian/Desktop/TallerPractico/TallerPractico/TallerPractico/Saved/Collections/' took 0.01s
[2020.09.23-18.03.02:098][  0]LogFileCache: Scanning file cache for directory 'C:/Users/Sebastian/Desktop/TallerPractico/TallerPractico/TallerPractico/Content/Developers/Sebastian/Collections/' took 0.01s
[2020.09.23-18.03.02:098][  0]LogFileCache: Scanning file cache for directory 'C:/Users/Sebastian/Desktop/TallerPractico/TallerPractico/TallerPractico/Content/Collections/' took 0.01s
[2020.09.23-18.03.02:098][  0]LogCollectionManager: Rebuilt the GUID cache for 0 collections in 0.000000 seconds
[2020.09.23-18.03.02:107][  0]LogContentBrowser: Native class hierarchy populated in 0.0071 seconds. Added 2363 classes and 519 folders.
[2020.09.23-18.03.02:360][  0]LogContentBrowser: Native class hierarchy updated for 'WidgetCarousel' in 0.0002 seconds. Added 0 classes and 0 folders.
[2020.09.23-18.03.03:384][  0]LogContentBrowser: Native class hierarchy updated for 'AddContentDialog' in 0.0003 seconds. Added 0 classes and 0 folders.
[2020.09.23-18.03.03:579][  0]LogContentBrowser: Native class hierarchy updated for 'SceneOutliner' in 0.0002 seconds. Added 1 classes and 2 folders.
[2020.09.23-18.03.03:816][  0]LogSlate: Took 0.000370 seconds to synchronously load lazily loaded font '../../../Engine/Content/Slate/Fonts/Roboto-Regular.ttf' (155K)
[2020.09.23-18.03.03:830][  0]LogSlate: Took 0.000191 seconds to synchronously load lazily loaded font '../../../Engine/Content/Slate/Fonts/Roboto-Bold.ttf' (160K)
[2020.09.23-18.03.03:860][  0]LogSlate: Took 0.015096 seconds to synchronously load lazily loaded font '../../../Engine/Content/Editor/Slate/Fonts/FontAwesome.ttf' (139K)
[2020.09.23-18.03.04:237][  0]LogRenderer: Reallocating scene render targets to support 1208x600 Format 10 NumSamples 1 (Frame:1).
[2020.09.23-18.03.04:615][  0]LogContentBrowser: Native class hierarchy updated for 'HierarchicalLODOutliner' in 0.0002 seconds. Added 1 classes and 2 folders.
[2020.09.23-18.03.04:615][  0]LogLoad: (Engine Initialization) Total time: 42.97 seconds
[2020.09.23-18.03.04:615][  0]LogLoad: (Engine Initialization) Total Blueprint compile time: 0.00 seconds
[2020.09.23-18.03.04:615][  0]LogExternalProfiler: No external profilers were discovered.  External profiling features will not be available.
[2020.09.23-18.03.04:638][  0]LogAssetRegistry: Asset discovery search completed in 29.9499 seconds
[2020.09.23-18.03.04:639][  0]LogCollectionManager: Rebuilt the object cache for 0 collections in 0.000000 seconds (found 0 objects)
[2020.09.23-18.03.04:639][  0]LogCollectionManager: Fixed up redirectors for 0 collections in 0.000040 seconds (updated 0 objects)
[2020.09.23-18.03.04:648][  0]LogContentStreaming: Texture pool size now 1000 MB
[2020.09.23-18.03.04:813][  0]LogSlate: Took 0.014915 seconds to synchronously load lazily loaded font '../../../Engine/Content/Slate/Fonts/Roboto-Light.ttf' (159K)
[2020.09.23-18.03.21:329][937]LogSlate: Took 0.000146 seconds to synchronously load lazily loaded font '../../../Engine/Content/Slate/Fonts/Roboto-Light.ttf' (159K)
[2020.09.23-18.03.21:917][937]LogContentBrowser: Native class hierarchy updated for 'BlueprintGraph' in 0.0006 seconds. Added 116 classes and 0 folders.
[2020.09.23-18.03.22:656][937]LogSlate: Took 0.000160 seconds to synchronously load lazily loaded font '../../../Engine/Content/Slate/Fonts/Roboto-Regular.ttf' (155K)
[2020.09.23-18.03.23:115][937]LogSlate: Took 0.015343 seconds to synchronously load lazily loaded font '../../../Engine/Content/Editor/Slate/Fonts/Roboto-BoldCondensed.ttf' (158K)
[2020.09.23-18.03.23:551][938]LogSlate: Took 0.010291 seconds to synchronously load lazily loaded font '../../../Engine/Content/Editor/Slate/Fonts/Roboto-Italic.ttf' (157K)
[2020.09.23-18.15.01:711][203]BlueprintLog: New page: Compile RBulletBP
[2020.09.23-18.15.02:689][269]LogSavePackage: Save=52.86ms
[2020.09.23-18.15.02:689][269]LogSavePackage: Moving 'C:/Users/Sebastian/Desktop/TallerPractico/TallerPractico/TallerPractico/Saved/RBulletBP503C30574C344C67CA478586A572CD6F.tmp' to 'C:/Users/Sebastian/Desktop/TallerPractico/TallerPractico/TallerPractico/Content/FirstPersonBP/Blueprints/RBulletBP.uasset'
[2020.09.23-18.15.02:696][269]LogSavePackage: Display: Finished SavePackage C:/Users/Sebastian/Desktop/TallerPractico/TallerPractico/TallerPractico/Content/FirstPersonBP/Blueprints/RBulletBP.uasset
[2020.09.23-18.15.05:852][636]LogTemp: Repeating last play command: New Editor Window (PIE)
[2020.09.23-18.15.05:908][636]LogBlueprintUserMessages: Early PlayInEditor Detection: Level '/Game/FirstPersonBP/Maps/FirstPersonExampleMap.FirstPersonExampleMap:PersistentLevel' has LevelScriptBlueprint '/Game/FirstPersonBP/Maps/FirstPersonExampleMap.FirstPersonExampleMap:PersistentLevel.FirstPersonExampleMap' with GeneratedClass '/Game/FirstPersonBP/Maps/FirstPersonExampleMap.FirstPersonExampleMap_C' with ClassGeneratedBy '/Game/FirstPersonBP/Maps/FirstPersonExampleMap.FirstPersonExampleMap:PersistentLevel.FirstPersonExampleMap'
[2020.09.23-18.15.05:921][636]LogPlayLevel: PlayLevel: No blueprints needed recompiling
[2020.09.23-18.15.05:953][636]PIE: New page: PIE session: FirstPersonExampleMap (Sep 23, 2020, 8:15:05 AM)
[2020.09.23-18.15.05:953][636]LogPlayLevel: Creating play world package: /Game/FirstPersonBP/Maps/UEDPIE_0_FirstPersonExampleMap
[2020.09.23-18.15.06:014][636]LogPlayLevel: PIE: StaticDuplicateObject took: (0.060564s)
[2020.09.23-18.15.06:015][636]LogAIModule: Creating AISystem for world FirstPersonExampleMap
[2020.09.23-18.15.06:015][636]LogPlayLevel: PIE: World Init took: (0.000983s)
[2020.09.23-18.15.06:015][636]LogPlayLevel: PIE: Created PIE world by copying editor world from /Game/FirstPersonBP/Maps/FirstPersonExampleMap.FirstPersonExampleMap to /Game/FirstPersonBP/Maps/UEDPIE_0_FirstPersonExampleMap.FirstPersonExampleMap (0.061927s)
[2020.09.23-18.15.06:061][636]LogInit: XAudio2 using 'Altavoces (Realtek(R) Audio)' : 2 channels at 48 kHz using 32 bits per sample (channel mask 0x3)
[2020.09.23-18.15.06:077][636]LogInit: FAudioDevice initialized.
[2020.09.23-18.15.06:167][636]LogLoad: Game class is 'FirstPersonGameMode_C'
[2020.09.23-18.15.06:195][636]LogWorld: Bringing World /Game/FirstPersonBP/Maps/UEDPIE_0_FirstPersonExampleMap.FirstPersonExampleMap up for play (max tick rate 0) at 2020.09.23-13.15.06
[2020.09.23-18.15.06:195][636]LogWorld: Bringing up level for play took: 0.018549
[2020.09.23-18.15.06:415][636]LogContentBrowser: Native class hierarchy updated for 'MovieSceneCapture' in 0.0003 seconds. Added 11 classes and 0 folders.
[2020.09.23-18.15.06:419][636]PIE: Play in editor start time for /Game/FirstPersonBP/Maps/UEDPIE_0_FirstPersonExampleMap 1.249
[2020.09.23-18.15.06:419][636]LogBlueprintUserMessages: Late PlayInEditor Detection: Level '/Game/FirstPersonBP/Maps/FirstPersonExampleMap.FirstPersonExampleMap:PersistentLevel' has LevelScriptBlueprint '/Game/FirstPersonBP/Maps/FirstPersonExampleMap.FirstPersonExampleMap:PersistentLevel.FirstPersonExampleMap' with GeneratedClass '/Game/FirstPersonBP/Maps/FirstPersonExampleMap.FirstPersonExampleMap_C' with ClassGeneratedBy '/Game/FirstPersonBP/Maps/FirstPersonExampleMap.FirstPersonExampleMap:PersistentLevel.FirstPersonExampleMap'
[2020.09.23-18.15.06:497][636]LogRenderer: Reallocating scene render targets to support 1292x756 Format 10 NumSamples 1 (Frame:1).
[2020.09.23-18.15.13:668][484]LogBlueprintUserMessages: Early EndPlayMap Detection: Level '/Game/FirstPersonBP/Maps/FirstPersonExampleMap.FirstPersonExampleMap:PersistentLevel' has LevelScriptBlueprint '/Game/FirstPersonBP/Maps/FirstPersonExampleMap.FirstPersonExampleMap:PersistentLevel.FirstPersonExampleMap' with GeneratedClass '/Game/FirstPersonBP/Maps/FirstPersonExampleMap.FirstPersonExampleMap_C' with ClassGeneratedBy '/Game/FirstPersonBP/Maps/FirstPersonExampleMap.FirstPersonExampleMap:PersistentLevel.FirstPersonExampleMap'
[2020.09.23-18.15.13:718][484]LogBlueprintUserMessages: Late EndPlayMap Detection: Level '/Game/FirstPersonBP/Maps/FirstPersonExampleMap.FirstPersonExampleMap:PersistentLevel' has LevelScriptBlueprint '/Game/FirstPersonBP/Maps/FirstPersonExampleMap.FirstPersonExampleMap:PersistentLevel.FirstPersonExampleMap' with GeneratedClass '/Game/FirstPersonBP/Maps/FirstPersonExampleMap.FirstPersonExampleMap_C' with ClassGeneratedBy '/Game/FirstPersonBP/Maps/FirstPersonExampleMap.FirstPersonExampleMap:PersistentLevel.FirstPersonExampleMap'
[2020.09.23-18.15.28:029][173]LogEditorViewport: Clicking on Actor (context menu): StaticMeshActor (Floor)
[2020.09.23-18.16.03:339][355]LogActorFactory: Actor Factory created Cube
[2020.09.23-18.16.03:347][355]LogMaterial: Missing cached shader map for material BasicShapeMaterial, compiling. 
[2020.09.23-18.16.06:251][588]LogActorFactory: Actor Factory created Cube
[2020.09.23-18.16.56:579][501]LogSavePackage: Save=124.29ms
[2020.09.23-18.16.56:580][501]LogSavePackage: Moving 'C:/Users/Sebastian/Desktop/TallerPractico/TallerPractico/TallerPractico/Saved/FirstPersonExampleMap4028F1014B2EDD1DDF0640AACD63D3C6.tmp' to 'C:/Users/Sebastian/Desktop/TallerPractico/TallerPractico/TallerPractico/Content/FirstPersonBP/Maps/FirstPersonExampleMap.umap'
[2020.09.23-18.16.56:585][501]LogSavePackage: Display: Finished SavePackage C:/Users/Sebastian/Desktop/TallerPractico/TallerPractico/TallerPractico/Content/FirstPersonBP/Maps/FirstPersonExampleMap.umap
[2020.09.23-18.16.57:438][501]LogSavePackage: Save=701.48ms
[2020.09.23-18.16.57:438][501]LogSavePackage: Moving 'C:/Users/Sebastian/Desktop/TallerPractico/TallerPractico/TallerPractico/Saved/FirstPersonExampleMap_BuiltDataEA2C33FE46055C12DDC2208C8355A1F2.tmp' to 'C:/Users/Sebastian/Desktop/TallerPractico/TallerPractico/TallerPractico/Content/FirstPersonBP/Maps/FirstPersonExampleMap_BuiltData.uasset'
[2020.09.23-18.16.57:446][501]LogSavePackage: Display: Finished SavePackage C:/Users/Sebastian/Desktop/TallerPractico/TallerPractico/TallerPractico/Content/FirstPersonBP/Maps/FirstPersonExampleMap_BuiltData.uasset
[2020.09.23-18.16.59:114][691]LogTemp: Repeating last play command: New Editor Window (PIE)
[2020.09.23-18.16.59:123][691]LogBlueprintUserMessages: Early PlayInEditor Detection: Level '/Game/FirstPersonBP/Maps/FirstPersonExampleMap.FirstPersonExampleMap:PersistentLevel' has LevelScriptBlueprint '/Game/FirstPersonBP/Maps/FirstPersonExampleMap.FirstPersonExampleMap:PersistentLevel.FirstPersonExampleMap' with GeneratedClass '/Game/FirstPersonBP/Maps/FirstPersonExampleMap.FirstPersonExampleMap_C' with ClassGeneratedBy '/Game/FirstPersonBP/Maps/FirstPersonExampleMap.FirstPersonExampleMap:PersistentLevel.FirstPersonExampleMap'
[2020.09.23-18.16.59:123][691]LogPlayLevel: PlayLevel: No blueprints needed recompiling
[2020.09.23-18.16.59:123][691]PIE: New page: PIE session: FirstPersonExampleMap (Sep 23, 2020, 8:16:59 AM)
[2020.09.23-18.16.59:123][691]LogPlayLevel: Creating play world package: /Game/FirstPersonBP/Maps/UEDPIE_0_FirstPersonExampleMap
[2020.09.23-18.16.59:140][691]LogPlayLevel: PIE: StaticDuplicateObject took: (0.016466s)
[2020.09.23-18.16.59:141][691]LogAIModule: Creating AISystem for world FirstPersonExampleMap
[2020.09.23-18.16.59:142][691]LogPlayLevel: PIE: World Init took: (0.001660s)
[2020.09.23-18.16.59:142][691]LogPlayLevel: PIE: Created PIE world by copying editor world from /Game/FirstPersonBP/Maps/FirstPersonExampleMap.FirstPersonExampleMap to /Game/FirstPersonBP/Maps/UEDPIE_0_FirstPersonExampleMap.FirstPersonExampleMap (0.018563s)
[2020.09.23-18.16.59:171][691]LogInit: XAudio2 using 'Altavoces (Realtek(R) Audio)' : 2 channels at 48 kHz using 32 bits per sample (channel mask 0x3)
[2020.09.23-18.16.59:188][691]LogInit: FAudioDevice initialized.
[2020.09.23-18.16.59:236][691]LogLoad: Game class is 'FirstPersonGameMode_C'
[2020.09.23-18.16.59:238][691]LogWorld: Bringing World /Game/FirstPersonBP/Maps/UEDPIE_0_FirstPersonExampleMap.FirstPersonExampleMap up for play (max tick rate 0) at 2020.09.23-13.16.59
[2020.09.23-18.16.59:238][691]LogWorld: Bringing up level for play took: 0.001258
[2020.09.23-18.16.59:242][691]PIE: Play in editor start time for /Game/FirstPersonBP/Maps/UEDPIE_0_FirstPersonExampleMap 0.072
[2020.09.23-18.16.59:242][691]LogBlueprintUserMessages: Late PlayInEditor Detection: Level '/Game/FirstPersonBP/Maps/FirstPersonExampleMap.FirstPersonExampleMap:PersistentLevel' has LevelScriptBlueprint '/Game/FirstPersonBP/Maps/FirstPersonExampleMap.FirstPersonExampleMap:PersistentLevel.FirstPersonExampleMap' with GeneratedClass '/Game/FirstPersonBP/Maps/FirstPersonExampleMap.FirstPersonExampleMap_C' with ClassGeneratedBy '/Game/FirstPersonBP/Maps/FirstPersonExampleMap.FirstPersonExampleMap:PersistentLevel.FirstPersonExampleMap'
[2020.09.23-18.17.00:468][825]LogBlueprintUserMessages: [RBulletBP_C_0] Hello
[2020.09.23-18.17.01:361][932]LogBlueprintUserMessages: [RBulletBP_C_1] Hello
[2020.09.23-18.17.02:294][ 44]LogBlueprintUserMessages: [RBulletBP_C_2] Hello
[2020.09.23-18.17.03:036][133]LogBlueprintUserMessages: [RBulletBP_C_3] Hello
[2020.09.23-18.17.03:902][237]LogBlueprintUserMessages: [RBulletBP_C_4] Hello
[2020.09.23-18.17.04:652][327]LogBlueprintUserMessages: [RBulletBP_C_5] Hello
[2020.09.23-18.17.06:044][494]LogBlueprintUserMessages: [RBulletBP_C_6] Hello
[2020.09.23-18.17.06:811][586]LogBlueprintUserMessages: [RBulletBP_C_7] Hello
[2020.09.23-18.17.17:263][840]LogBlueprintUserMessages: Early EndPlayMap Detection: Level '/Game/FirstPersonBP/Maps/FirstPersonExampleMap.FirstPersonExampleMap:PersistentLevel' has LevelScriptBlueprint '/Game/FirstPersonBP/Maps/FirstPersonExampleMap.FirstPersonExampleMap:PersistentLevel.FirstPersonExampleMap' with GeneratedClass '/Game/FirstPersonBP/Maps/FirstPersonExampleMap.FirstPersonExampleMap_C' with ClassGeneratedBy '/Game/FirstPersonBP/Maps/FirstPersonExampleMap.FirstPersonExampleMap:PersistentLevel.FirstPersonExampleMap'
[2020.09.23-18.17.17:306][840]LogBlueprintUserMessages: Late EndPlayMap Detection: Level '/Game/FirstPersonBP/Maps/FirstPersonExampleMap.FirstPersonExampleMap:PersistentLevel' has LevelScriptBlueprint '/Game/FirstPersonBP/Maps/FirstPersonExampleMap.FirstPersonExampleMap:PersistentLevel.FirstPersonExampleMap' with GeneratedClass '/Game/FirstPersonBP/Maps/FirstPersonExampleMap.FirstPersonExampleMap_C' with ClassGeneratedBy '/Game/FirstPersonBP/Maps/FirstPersonExampleMap.FirstPersonExampleMap:PersistentLevel.FirstPersonExampleMap'
[2020.09.23-18.17.19:082][ 49]LogEditorViewport: Clicking on Actor (LMB): StaticMeshActor (Floor)
[2020.09.23-18.17.39:424][482]LogEditorViewport: Clicking on Actor (LMB): StaticMeshActor (BigWall)
[2020.09.23-18.17.43:698][990]LogEditorViewport: Clicking on Actor (LMB): StaticMeshActor (Floor)
[2020.09.23-18.17.45:043][147]LogEditorViewport: Clicking on Actor (LMB): StaticMeshActor (Wall4)
[2020.09.23-18.18.43:451][ 99]LogSavePackage: Save=112.10ms
[2020.09.23-18.18.43:451][ 99]LogSavePackage: Moving 'C:/Users/Sebastian/Desktop/TallerPractico/TallerPractico/TallerPractico/Saved/FirstPersonExampleMap805C99954781EF2BE1E779A63BCBB141.tmp' to 'C:/Users/Sebastian/Desktop/TallerPractico/TallerPractico/TallerPractico/Content/FirstPersonBP/Maps/FirstPersonExampleMap.umap'
[2020.09.23-18.18.43:457][ 99]LogSavePackage: Display: Finished SavePackage C:/Users/Sebastian/Desktop/TallerPractico/TallerPractico/TallerPractico/Content/FirstPersonBP/Maps/FirstPersonExampleMap.umap
[2020.09.23-18.18.43:894][ 99]LogSavePackage: Save=417.60ms
[2020.09.23-18.18.43:894][ 99]LogSavePackage: Moving 'C:/Users/Sebastian/Desktop/TallerPractico/TallerPractico/TallerPractico/Saved/FirstPersonExampleMap_BuiltData1285B68D48EFF1A188B5FBA4E5F98D13.tmp' to 'C:/Users/Sebastian/Desktop/TallerPractico/TallerPractico/TallerPractico/Content/FirstPersonBP/Maps/FirstPersonExampleMap_BuiltData.uasset'
[2020.09.23-18.18.43:898][ 99]LogSavePackage: Display: Finished SavePackage C:/Users/Sebastian/Desktop/TallerPractico/TallerPractico/TallerPractico/Content/FirstPersonBP/Maps/FirstPersonExampleMap_BuiltData.uasset
[2020.09.23-18.18.46:313][385]LogTemp: Repeating last play command: New Editor Window (PIE)
[2020.09.23-18.18.46:321][385]LogBlueprintUserMessages: Early PlayInEditor Detection: Level '/Game/FirstPersonBP/Maps/FirstPersonExampleMap.FirstPersonExampleMap:PersistentLevel' has LevelScriptBlueprint '/Game/FirstPersonBP/Maps/FirstPersonExampleMap.FirstPersonExampleMap:PersistentLevel.FirstPersonExampleMap' with GeneratedClass '/Game/FirstPersonBP/Maps/FirstPersonExampleMap.FirstPersonExampleMap_C' with ClassGeneratedBy '/Game/FirstPersonBP/Maps/FirstPersonExampleMap.FirstPersonExampleMap:PersistentLevel.FirstPersonExampleMap'
[2020.09.23-18.18.46:321][385]LogPlayLevel: PlayLevel: No blueprints needed recompiling
[2020.09.23-18.18.46:321][385]PIE: New page: PIE session: FirstPersonExampleMap (Sep 23, 2020, 8:18:46 AM)
[2020.09.23-18.18.46:322][385]LogPlayLevel: Creating play world package: /Game/FirstPersonBP/Maps/UEDPIE_0_FirstPersonExampleMap
[2020.09.23-18.18.46:336][385]LogPlayLevel: PIE: StaticDuplicateObject took: (0.014287s)
[2020.09.23-18.18.46:337][385]LogAIModule: Creating AISystem for world FirstPersonExampleMap
[2020.09.23-18.18.46:337][385]LogPlayLevel: PIE: World Init took: (0.000791s)
[2020.09.23-18.18.46:337][385]LogPlayLevel: PIE: Created PIE world by copying editor world from /Game/FirstPersonBP/Maps/FirstPersonExampleMap.FirstPersonExampleMap to /Game/FirstPersonBP/Maps/UEDPIE_0_FirstPersonExampleMap.FirstPersonExampleMap (0.015345s)
[2020.09.23-18.18.46:368][385]LogInit: XAudio2 using 'Altavoces (Realtek(R) Audio)' : 2 channels at 48 kHz using 32 bits per sample (channel mask 0x3)
[2020.09.23-18.18.46:384][385]LogInit: FAudioDevice initialized.
[2020.09.23-18.18.46:435][385]LogLoad: Game class is 'FirstPersonGameMode_C'
[2020.09.23-18.18.46:437][385]LogWorld: Bringing World /Game/FirstPersonBP/Maps/UEDPIE_0_FirstPersonExampleMap.FirstPersonExampleMap up for play (max tick rate 0) at 2020.09.23-13.18.46
[2020.09.23-18.18.46:437][385]LogWorld: Bringing up level for play took: 0.001459
[2020.09.23-18.18.46:441][385]PIE: Play in editor start time for /Game/FirstPersonBP/Maps/UEDPIE_0_FirstPersonExampleMap -0.729
[2020.09.23-18.18.46:441][385]LogBlueprintUserMessages: Late PlayInEditor Detection: Level '/Game/FirstPersonBP/Maps/FirstPersonExampleMap.FirstPersonExampleMap:PersistentLevel' has LevelScriptBlueprint '/Game/FirstPersonBP/Maps/FirstPersonExampleMap.FirstPersonExampleMap:PersistentLevel.FirstPersonExampleMap' with GeneratedClass '/Game/FirstPersonBP/Maps/FirstPersonExampleMap.FirstPersonExampleMap_C' with ClassGeneratedBy '/Game/FirstPersonBP/Maps/FirstPersonExampleMap.FirstPersonExampleMap:PersistentLevel.FirstPersonExampleMap'
[2020.09.23-18.18.47:677][525]LogBlueprintUserMessages: [RBulletBP_C_0] Hello
[2020.09.23-18.18.48:603][636]LogBlueprintUserMessages: [RBulletBP_C_1] Hello
[2020.09.23-18.18.49:478][741]LogBlueprintUserMessages: [RBulletBP_C_2] Hello
[2020.09.23-18.18.50:203][828]LogBlueprintUserMessages: [RBulletBP_C_3] Hello
[2020.09.23-18.18.52:261][ 75]LogBlueprintUserMessages: [RBulletBP_C_4] Hello
[2020.09.23-18.18.54:211][309]LogBlueprintUserMessages: [RBulletBP_C_5] Hello
[2020.09.23-18.18.54:970][400]LogBlueprintUserMessages: [RBulletBP_C_6] Hello
[2020.09.23-18.18.57:344][685]LogBlueprintUserMessages: [RBulletBP_C_7] Hello
[2020.09.23-18.19.11:014][325]LogBlueprintUserMessages: [RBulletBP_C_8] Hello
[2020.09.23-18.19.12:764][535]LogBlueprintUserMessages: [RBulletBP_C_9] Hello
[2020.09.23-18.19.14:972][800]LogBlueprintUserMessages: [RBulletBP_C_10] Hello
[2020.09.23-18.19.16:506][984]LogBlueprintUserMessages: [RBulletBP_C_11] Hello
[2020.09.23-18.19.18:199][187]LogBlueprintUserMessages: [RBulletBP_C_12] Hello
[2020.09.23-18.20.36:889][513]LogSavePackage: Save=112.92ms
[2020.09.23-18.20.36:889][513]LogSavePackage: Moving 'C:/Users/Sebastian/Desktop/TallerPractico/TallerPractico/TallerPractico/Saved/FirstPersonExampleMapB2E82D464889610F75F321A1221FA267.tmp' to 'C:/Users/Sebastian/Desktop/TallerPractico/TallerPractico/TallerPractico/Content/FirstPersonBP/Maps/FirstPersonExampleMap.umap'
[2020.09.23-18.20.36:894][513]LogSavePackage: Display: Finished SavePackage C:/Users/Sebastian/Desktop/TallerPractico/TallerPractico/TallerPractico/Content/FirstPersonBP/Maps/FirstPersonExampleMap.umap
[2020.09.23-18.20.37:329][513]LogSavePackage: Save=415.55ms
[2020.09.23-18.20.37:329][513]LogSavePackage: Moving 'C:/Users/Sebastian/Desktop/TallerPractico/TallerPractico/TallerPractico/Saved/FirstPersonExampleMap_BuiltData676816CB41F002AAFA4477BB782A17BC.tmp' to 'C:/Users/Sebastian/Desktop/TallerPractico/TallerPractico/TallerPractico/Content/FirstPersonBP/Maps/FirstPersonExampleMap_BuiltData.uasset'
[2020.09.23-18.20.37:333][513]LogSavePackage: Display: Finished SavePackage C:/Users/Sebastian/Desktop/TallerPractico/TallerPractico/TallerPractico/Content/FirstPersonBP/Maps/FirstPersonExampleMap_BuiltData.uasset
[2020.09.23-18.20.44:396][360]LogBlueprintUserMessages: Early EndPlayMap Detection: Level '/Game/FirstPersonBP/Maps/FirstPersonExampleMap.FirstPersonExampleMap:PersistentLevel' has LevelScriptBlueprint '/Game/FirstPersonBP/Maps/FirstPersonExampleMap.FirstPersonExampleMap:PersistentLevel.FirstPersonExampleMap' with GeneratedClass '/Game/FirstPersonBP/Maps/FirstPersonExampleMap.FirstPersonExampleMap_C' with ClassGeneratedBy '/Game/FirstPersonBP/Maps/FirstPersonExampleMap.FirstPersonExampleMap:PersistentLevel.FirstPersonExampleMap'
[2020.09.23-18.20.44:441][360]LogBlueprintUserMessages: Late EndPlayMap Detection: Level '/Game/FirstPersonBP/Maps/FirstPersonExampleMap.FirstPersonExampleMap:PersistentLevel' has LevelScriptBlueprint '/Game/FirstPersonBP/Maps/FirstPersonExampleMap.FirstPersonExampleMap:PersistentLevel.FirstPersonExampleMap' with GeneratedClass '/Game/FirstPersonBP/Maps/FirstPersonExampleMap.FirstPersonExampleMap_C' with ClassGeneratedBy '/Game/FirstPersonBP/Maps/FirstPersonExampleMap.FirstPersonExampleMap:PersistentLevel.FirstPersonExampleMap'
[2020.09.23-18.20.45:632][499]LogTemp: Repeating last play command: New Editor Window (PIE)
[2020.09.23-18.20.45:641][499]LogBlueprintUserMessages: Early PlayInEditor Detection: Level '/Game/FirstPersonBP/Maps/FirstPersonExampleMap.FirstPersonExampleMap:PersistentLevel' has LevelScriptBlueprint '/Game/FirstPersonBP/Maps/FirstPersonExampleMap.FirstPersonExampleMap:PersistentLevel.FirstPersonExampleMap' with GeneratedClass '/Game/FirstPersonBP/Maps/FirstPersonExampleMap.FirstPersonExampleMap_C' with ClassGeneratedBy '/Game/FirstPersonBP/Maps/FirstPersonExampleMap.FirstPersonExampleMap:PersistentLevel.FirstPersonExampleMap'
[2020.09.23-18.20.45:641][499]LogPlayLevel: PlayLevel: No blueprints needed recompiling
[2020.09.23-18.20.45:641][499]PIE: New page: PIE session: FirstPersonExampleMap (Sep 23, 2020, 8:20:45 AM)
[2020.09.23-18.20.45:641][499]LogPlayLevel: Creating play world package: /Game/FirstPersonBP/Maps/UEDPIE_0_FirstPersonExampleMap
[2020.09.23-18.20.45:655][499]LogPlayLevel: PIE: StaticDuplicateObject took: (0.013202s)
[2020.09.23-18.20.45:656][499]LogAIModule: Creating AISystem for world FirstPersonExampleMap
[2020.09.23-18.20.45:656][499]LogPlayLevel: PIE: World Init took: (0.001005s)
[2020.09.23-18.20.45:656][499]LogPlayLevel: PIE: Created PIE world by copying editor world from /Game/FirstPersonBP/Maps/FirstPersonExampleMap.FirstPersonExampleMap to /Game/FirstPersonBP/Maps/UEDPIE_0_FirstPersonExampleMap.FirstPersonExampleMap (0.014471s)
[2020.09.23-18.20.45:688][499]LogInit: XAudio2 using 'Altavoces (Realtek(R) Audio)' : 2 channels at 48 kHz using 32 bits per sample (channel mask 0x3)
[2020.09.23-18.20.45:712][499]LogInit: FAudioDevice initialized.
[2020.09.23-18.20.45:757][499]LogLoad: Game class is 'FirstPersonGameMode_C'
[2020.09.23-18.20.45:759][499]LogWorld: Bringing World /Game/FirstPersonBP/Maps/UEDPIE_0_FirstPersonExampleMap.FirstPersonExampleMap up for play (max tick rate 0) at 2020.09.23-13.20.45
[2020.09.23-18.20.45:760][499]LogWorld: Bringing up level for play took: 0.001408
[2020.09.23-18.20.45:763][499]PIE: Play in editor start time for /Game/FirstPersonBP/Maps/UEDPIE_0_FirstPersonExampleMap 0.594
[2020.09.23-18.20.45:764][499]LogBlueprintUserMessages: Late PlayInEditor Detection: Level '/Game/FirstPersonBP/Maps/FirstPersonExampleMap.FirstPersonExampleMap:PersistentLevel' has LevelScriptBlueprint '/Game/FirstPersonBP/Maps/FirstPersonExampleMap.FirstPersonExampleMap:PersistentLevel.FirstPersonExampleMap' with GeneratedClass '/Game/FirstPersonBP/Maps/FirstPersonExampleMap.FirstPersonExampleMap_C' with ClassGeneratedBy '/Game/FirstPersonBP/Maps/FirstPersonExampleMap.FirstPersonExampleMap:PersistentLevel.FirstPersonExampleMap'
[2020.09.23-18.20.47:861][744]LogBlueprintUserMessages: [RBulletBP_C_0] Hello
[2020.09.23-18.20.48:586][831]LogBlueprintUserMessages: [RBulletBP_C_1] Hello
[2020.09.23-18.20.49:236][909]LogBlueprintUserMessages: [RBulletBP_C_2] Hello
[2020.09.23-18.20.49:753][971]LogBlueprintUserMessages: [RBulletBP_C_3] Hello
[2020.09.23-18.20.49:944][994]LogBlueprintUserMessages: [RBulletBP_C_4] Hello
[2020.09.23-18.20.50:095][ 12]LogBlueprintUserMessages: [RBulletBP_C_5] Hello
[2020.09.23-18.20.50:261][ 32]LogBlueprintUserMessages: [RBulletBP_C_6] Hello
[2020.09.23-18.20.50:437][ 53]LogBlueprintUserMessages: [RBulletBP_C_7] Hello
[2020.09.23-18.20.50:619][ 75]LogBlueprintUserMessages: [RBulletBP_C_8] Hello
[2020.09.23-18.20.50:795][ 96]LogBlueprintUserMessages: [RBulletBP_C_9] Hello
[2020.09.23-18.20.50:953][115]LogBlueprintUserMessages: [RBulletBP_C_10] Hello
[2020.09.23-18.20.51:111][134]LogBlueprintUserMessages: [RBulletBP_C_11] Hello
[2020.09.23-18.20.51:269][153]LogBlueprintUserMessages: [RBulletBP_C_12] Hello
[2020.09.23-18.20.51:436][173]LogBlueprintUserMessages: [RBulletBP_C_13] Hello
[2020.09.23-18.20.51:612][194]LogBlueprintUserMessages: [RBulletBP_C_14] Hello
[2020.09.23-18.20.53:504][421]LogBlueprintUserMessages: [RBulletBP_C_15] Hello
[2020.09.23-18.20.57:754][931]LogBlueprintUserMessages: Early EndPlayMap Detection: Level '/Game/FirstPersonBP/Maps/FirstPersonExampleMap.FirstPersonExampleMap:PersistentLevel' has LevelScriptBlueprint '/Game/FirstPersonBP/Maps/FirstPersonExampleMap.FirstPersonExampleMap:PersistentLevel.FirstPersonExampleMap' with GeneratedClass '/Game/FirstPersonBP/Maps/FirstPersonExampleMap.FirstPersonExampleMap_C' with ClassGeneratedBy '/Game/FirstPersonBP/Maps/FirstPersonExampleMap.FirstPersonExampleMap:PersistentLevel.FirstPersonExampleMap'
[2020.09.23-18.20.57:797][931]LogBlueprintUserMessages: Late EndPlayMap Detection: Level '/Game/FirstPersonBP/Maps/FirstPersonExampleMap.FirstPersonExampleMap:PersistentLevel' has LevelScriptBlueprint '/Game/FirstPersonBP/Maps/FirstPersonExampleMap.FirstPersonExampleMap:PersistentLevel.FirstPersonExampleMap' with GeneratedClass '/Game/FirstPersonBP/Maps/FirstPersonExampleMap.FirstPersonExampleMap_C' with ClassGeneratedBy '/Game/FirstPersonBP/Maps/FirstPersonExampleMap.FirstPersonExampleMap:PersistentLevel.FirstPersonExampleMap'
[2020.09.23-18.21.13:387][785]LogSavePackage: Save=17.08ms
[2020.09.23-18.21.13:387][785]LogSavePackage: Moving 'C:/Users/Sebastian/Desktop/TallerPractico/TallerPractico/TallerPractico/Saved/RBulletBPD4B3A458478F4DFFAA3A699368D73B80.tmp' to 'C:/Users/Sebastian/Desktop/TallerPractico/TallerPractico/TallerPractico/Content/FirstPersonBP/Blueprints/RBulletBP.uasset'
[2020.09.23-18.21.13:391][785]LogSavePackage: Display: Finished SavePackage C:/Users/Sebastian/Desktop/TallerPractico/TallerPractico/TallerPractico/Content/FirstPersonBP/Blueprints/RBulletBP.uasset
[2020.09.23-18.22.53:412][694]BlueprintLog: New page: Compile RBulletBP
[2020.09.23-18.22.55:160][869]LogSlate: Took 0.017966 seconds to synchronously load lazily loaded font '../../../Engine/Content/Editor/Slate/Fonts/Roboto-BoldCondensedItalic.ttf' (160K)
[2020.09.23-18.23.01:015][568]BlueprintLog: New page: Compile RBulletBP
[2020.09.23-18.23.01:026][568]LogClass: Warning: Type mismatch in Delay of RBulletBP_C - Previous (BoolProperty) Current(IntProperty) for package:  FObjectReader
[2020.09.23-18.24.03:149][921]BlueprintLog: New page: Compile RBulletBP
[2020.09.23-18.24.06:547][300]LogEditorViewport: Clicking on Actor (LMB): StaticMeshActor (Floor)
[2020.09.23-18.24.07:925][442]LogSavePackage: Save=113.09ms
[2020.09.23-18.24.07:925][442]LogSavePackage: Moving 'C:/Users/Sebastian/Desktop/TallerPractico/TallerPractico/TallerPractico/Saved/FirstPersonExampleMap2A0A7A184CFD51272D627D88E1C91B8F.tmp' to 'C:/Users/Sebastian/Desktop/TallerPractico/TallerPractico/TallerPractico/Content/FirstPersonBP/Maps/FirstPersonExampleMap.umap'
[2020.09.23-18.24.07:930][442]LogSavePackage: Display: Finished SavePackage C:/Users/Sebastian/Desktop/TallerPractico/TallerPractico/TallerPractico/Content/FirstPersonBP/Maps/FirstPersonExampleMap.umap
[2020.09.23-18.24.08:377][442]LogSavePackage: Save=418.55ms
[2020.09.23-18.24.08:377][442]LogSavePackage: Moving 'C:/Users/Sebastian/Desktop/TallerPractico/TallerPractico/TallerPractico/Saved/FirstPersonExampleMap_BuiltDataF3CD7AB14F3AEACAC60A2D81928A4C91.tmp' to 'C:/Users/Sebastian/Desktop/TallerPractico/TallerPractico/TallerPractico/Content/FirstPersonBP/Maps/FirstPersonExampleMap_BuiltData.uasset'
[2020.09.23-18.24.08:380][442]LogSavePackage: Display: Finished SavePackage C:/Users/Sebastian/Desktop/TallerPractico/TallerPractico/TallerPractico/Content/FirstPersonBP/Maps/FirstPersonExampleMap_BuiltData.uasset
[2020.09.23-18.24.09:112][528]LogTemp: Repeating last play command: New Editor Window (PIE)
[2020.09.23-18.24.09:121][528]LogBlueprintUserMessages: Early PlayInEditor Detection: Level '/Game/FirstPersonBP/Maps/FirstPersonExampleMap.FirstPersonExampleMap:PersistentLevel' has LevelScriptBlueprint '/Game/FirstPersonBP/Maps/FirstPersonExampleMap.FirstPersonExampleMap:PersistentLevel.FirstPersonExampleMap' with GeneratedClass '/Game/FirstPersonBP/Maps/FirstPersonExampleMap.FirstPersonExampleMap_C' with ClassGeneratedBy '/Game/FirstPersonBP/Maps/FirstPersonExampleMap.FirstPersonExampleMap:PersistentLevel.FirstPersonExampleMap'
[2020.09.23-18.24.09:121][528]LogPlayLevel: PlayLevel: No blueprints needed recompiling
[2020.09.23-18.24.09:121][528]PIE: New page: PIE session: FirstPersonExampleMap (Sep 23, 2020, 8:24:09 AM)
[2020.09.23-18.24.09:121][528]LogPlayLevel: Creating play world package: /Game/FirstPersonBP/Maps/UEDPIE_0_FirstPersonExampleMap
[2020.09.23-18.24.09:136][528]LogPlayLevel: PIE: StaticDuplicateObject took: (0.014378s)
[2020.09.23-18.24.09:136][528]LogAIModule: Creating AISystem for world FirstPersonExampleMap
[2020.09.23-18.24.09:137][528]LogPlayLevel: PIE: World Init took: (0.000860s)
[2020.09.23-18.24.09:137][528]LogPlayLevel: PIE: Created PIE world by copying editor world from /Game/FirstPersonBP/Maps/FirstPersonExampleMap.FirstPersonExampleMap to /Game/FirstPersonBP/Maps/UEDPIE_0_FirstPersonExampleMap.FirstPersonExampleMap (0.015501s)
[2020.09.23-18.24.09:169][528]LogInit: XAudio2 using 'Altavoces (Realtek(R) Audio)' : 2 channels at 48 kHz using 32 bits per sample (channel mask 0x3)
[2020.09.23-18.24.09:186][528]LogInit: FAudioDevice initialized.
[2020.09.23-18.24.09:234][528]LogLoad: Game class is 'FirstPersonGameMode_C'
[2020.09.23-18.24.09:236][528]LogWorld: Bringing World /Game/FirstPersonBP/Maps/UEDPIE_0_FirstPersonExampleMap.FirstPersonExampleMap up for play (max tick rate 0) at 2020.09.23-13.24.09
[2020.09.23-18.24.09:236][528]LogWorld: Bringing up level for play took: 0.001435
[2020.09.23-18.24.09:240][528]PIE: Play in editor start time for /Game/FirstPersonBP/Maps/UEDPIE_0_FirstPersonExampleMap 0.07
[2020.09.23-18.24.09:240][528]LogBlueprintUserMessages: Late PlayInEditor Detection: Level '/Game/FirstPersonBP/Maps/FirstPersonExampleMap.FirstPersonExampleMap:PersistentLevel' has LevelScriptBlueprint '/Game/FirstPersonBP/Maps/FirstPersonExampleMap.FirstPersonExampleMap:PersistentLevel.FirstPersonExampleMap' with GeneratedClass '/Game/FirstPersonBP/Maps/FirstPersonExampleMap.FirstPersonExampleMap_C' with ClassGeneratedBy '/Game/FirstPersonBP/Maps/FirstPersonExampleMap.FirstPersonExampleMap:PersistentLevel.FirstPersonExampleMap'
[2020.09.23-18.24.09:986][611]LogBlueprintUserMessages: [RBulletBP_C_0] Hello
[2020.09.23-18.24.10:244][642]LogBlueprintUserMessages: [RBulletBP_C_1] Hello
[2020.09.23-18.24.10:420][663]LogBlueprintUserMessages: [RBulletBP_C_2] Hello
[2020.09.23-18.24.10:578][682]LogBlueprintUserMessages: [RBulletBP_C_3] Hello
[2020.09.23-18.24.10:936][725]LogBlueprintUserMessages: [RBulletBP_C_4] Hello
[2020.09.23-18.24.11:136][749]LogBlueprintUserMessages: [RBulletBP_C_5] Hello
[2020.09.23-18.24.11:269][765]LogBlueprintUserMessages: [RBulletBP_C_6] Hello
[2020.09.23-18.24.11:411][782]LogBlueprintUserMessages: [RBulletBP_C_7] Hello
[2020.09.23-18.24.11:536][797]LogBlueprintUserMessages: [RBulletBP_C_8] Hello
[2020.09.23-18.24.11:661][812]LogBlueprintUserMessages: [RBulletBP_C_9] Hello
[2020.09.23-18.24.11:803][829]LogBlueprintUserMessages: [RBulletBP_C_10] Hello
[2020.09.23-18.24.11:928][844]LogBlueprintUserMessages: [RBulletBP_C_11] Hello
[2020.09.23-18.24.12:044][858]LogBlueprintUserMessages: [RBulletBP_C_12] Hello
[2020.09.23-18.24.12:145][870]LogBlueprintUserMessages: [RBulletBP_C_13] Hello
[2020.09.23-18.24.12:445][906]LogBlueprintUserMessages: [RBulletBP_C_14] Hello
[2020.09.23-18.24.12:561][920]LogBlueprintUserMessages: [RBulletBP_C_15] Hello
[2020.09.23-18.24.12:678][934]LogBlueprintUserMessages: [RBulletBP_C_16] Hello
[2020.09.23-18.24.12:786][947]LogBlueprintUserMessages: [RBulletBP_C_17] Hello
[2020.09.23-18.24.12:903][961]LogBlueprintUserMessages: [RBulletBP_C_18] Hello
[2020.09.23-18.24.13:003][973]LogBlueprintUserMessages: [RBulletBP_C_19] Hello
[2020.09.23-18.24.13:119][987]LogBlueprintUserMessages: [RBulletBP_C_20] Hello
[2020.09.23-18.24.13:220][999]LogBlueprintUserMessages: [RBulletBP_C_21] Hello
[2020.09.23-18.24.13:328][ 12]LogBlueprintUserMessages: [RBulletBP_C_22] Hello
[2020.09.23-18.24.13:428][ 24]LogBlueprintUserMessages: [RBulletBP_C_23] Hello
[2020.09.23-18.24.13:536][ 37]LogBlueprintUserMessages: [RBulletBP_C_24] Hello
[2020.09.23-18.24.14:037][ 97]LogBlueprintUserMessages: Early EndPlayMap Detection: Level '/Game/FirstPersonBP/Maps/FirstPersonExampleMap.FirstPersonExampleMap:PersistentLevel' has LevelScriptBlueprint '/Game/FirstPersonBP/Maps/FirstPersonExampleMap.FirstPersonExampleMap:PersistentLevel.FirstPersonExampleMap' with GeneratedClass '/Game/FirstPersonBP/Maps/FirstPersonExampleMap.FirstPersonExampleMap_C' with ClassGeneratedBy '/Game/FirstPersonBP/Maps/FirstPersonExampleMap.FirstPersonExampleMap:PersistentLevel.FirstPersonExampleMap'
[2020.09.23-18.24.14:085][ 97]LogBlueprintUserMessages: Late EndPlayMap Detection: Level '/Game/FirstPersonBP/Maps/FirstPersonExampleMap.FirstPersonExampleMap:PersistentLevel' has LevelScriptBlueprint '/Game/FirstPersonBP/Maps/FirstPersonExampleMap.FirstPersonExampleMap:PersistentLevel.FirstPersonExampleMap' with GeneratedClass '/Game/FirstPersonBP/Maps/FirstPersonExampleMap.FirstPersonExampleMap_C' with ClassGeneratedBy '/Game/FirstPersonBP/Maps/FirstPersonExampleMap.FirstPersonExampleMap:PersistentLevel.FirstPersonExampleMap'
[2020.09.23-18.24.55:856][ 48]BlueprintLog: New page: Compile RBulletBP
[2020.09.23-18.24.59:482][440]LogTemp: Repeating last play command: New Editor Window (PIE)
[2020.09.23-18.24.59:491][440]LogBlueprintUserMessages: Early PlayInEditor Detection: Level '/Game/FirstPersonBP/Maps/FirstPersonExampleMap.FirstPersonExampleMap:PersistentLevel' has LevelScriptBlueprint '/Game/FirstPersonBP/Maps/FirstPersonExampleMap.FirstPersonExampleMap:PersistentLevel.FirstPersonExampleMap' with GeneratedClass '/Game/FirstPersonBP/Maps/FirstPersonExampleMap.FirstPersonExampleMap_C' with ClassGeneratedBy '/Game/FirstPersonBP/Maps/FirstPersonExampleMap.FirstPersonExampleMap:PersistentLevel.FirstPersonExampleMap'
[2020.09.23-18.24.59:491][440]LogPlayLevel: PlayLevel: No blueprints needed recompiling
[2020.09.23-18.24.59:491][440]PIE: New page: PIE session: FirstPersonExampleMap (Sep 23, 2020, 8:24:59 AM)
[2020.09.23-18.24.59:491][440]LogPlayLevel: Creating play world package: /Game/FirstPersonBP/Maps/UEDPIE_0_FirstPersonExampleMap
[2020.09.23-18.24.59:505][440]LogPlayLevel: PIE: StaticDuplicateObject took: (0.013815s)
[2020.09.23-18.24.59:505][440]LogAIModule: Creating AISystem for world FirstPersonExampleMap
[2020.09.23-18.24.59:506][440]LogPlayLevel: PIE: World Init took: (0.000791s)
[2020.09.23-18.24.59:506][440]LogPlayLevel: PIE: Created PIE world by copying editor world from /Game/FirstPersonBP/Maps/FirstPersonExampleMap.FirstPersonExampleMap to /Game/FirstPersonBP/Maps/UEDPIE_0_FirstPersonExampleMap.FirstPersonExampleMap (0.014890s)
[2020.09.23-18.24.59:537][440]LogInit: XAudio2 using 'Altavoces (Realtek(R) Audio)' : 2 channels at 48 kHz using 32 bits per sample (channel mask 0x3)
[2020.09.23-18.24.59:553][440]LogInit: FAudioDevice initialized.
[2020.09.23-18.24.59:600][440]LogLoad: Game class is 'FirstPersonGameMode_C'
[2020.09.23-18.24.59:602][440]LogWorld: Bringing World /Game/FirstPersonBP/Maps/UEDPIE_0_FirstPersonExampleMap.FirstPersonExampleMap up for play (max tick rate 0) at 2020.09.23-13.24.59
[2020.09.23-18.24.59:602][440]LogWorld: Bringing up level for play took: 0.001375
[2020.09.23-18.24.59:606][440]PIE: Play in editor start time for /Game/FirstPersonBP/Maps/UEDPIE_0_FirstPersonExampleMap 0.436
[2020.09.23-18.24.59:606][440]LogBlueprintUserMessages: Late PlayInEditor Detection: Level '/Game/FirstPersonBP/Maps/FirstPersonExampleMap.FirstPersonExampleMap:PersistentLevel' has LevelScriptBlueprint '/Game/FirstPersonBP/Maps/FirstPersonExampleMap.FirstPersonExampleMap:PersistentLevel.FirstPersonExampleMap' with GeneratedClass '/Game/FirstPersonBP/Maps/FirstPersonExampleMap.FirstPersonExampleMap_C' with ClassGeneratedBy '/Game/FirstPersonBP/Maps/FirstPersonExampleMap.FirstPersonExampleMap:PersistentLevel.FirstPersonExampleMap'
[2020.09.23-18.25.09:614][634]LogBlueprintUserMessages: Early EndPlayMap Detection: Level '/Game/FirstPersonBP/Maps/FirstPersonExampleMap.FirstPersonExampleMap:PersistentLevel' has LevelScriptBlueprint '/Game/FirstPersonBP/Maps/FirstPersonExampleMap.FirstPersonExampleMap:PersistentLevel.FirstPersonExampleMap' with GeneratedClass '/Game/FirstPersonBP/Maps/FirstPersonExampleMap.FirstPersonExampleMap_C' with ClassGeneratedBy '/Game/FirstPersonBP/Maps/FirstPersonExampleMap.FirstPersonExampleMap:PersistentLevel.FirstPersonExampleMap'
[2020.09.23-18.25.09:670][634]LogBlueprintUserMessages: Late EndPlayMap Detection: Level '/Game/FirstPersonBP/Maps/FirstPersonExampleMap.FirstPersonExampleMap:PersistentLevel' has LevelScriptBlueprint '/Game/FirstPersonBP/Maps/FirstPersonExampleMap.FirstPersonExampleMap:PersistentLevel.FirstPersonExampleMap' with GeneratedClass '/Game/FirstPersonBP/Maps/FirstPersonExampleMap.FirstPersonExampleMap_C' with ClassGeneratedBy '/Game/FirstPersonBP/Maps/FirstPersonExampleMap.FirstPersonExampleMap:PersistentLevel.FirstPersonExampleMap'
[2020.09.23-18.25.24:947][460]BlueprintLog: New page: Compile RBulletBP
[2020.09.23-18.25.27:310][714]LogTemp: Repeating last play command: New Editor Window (PIE)
[2020.09.23-18.25.27:318][714]LogBlueprintUserMessages: Early PlayInEditor Detection: Level '/Game/FirstPersonBP/Maps/FirstPersonExampleMap.FirstPersonExampleMap:PersistentLevel' has LevelScriptBlueprint '/Game/FirstPersonBP/Maps/FirstPersonExampleMap.FirstPersonExampleMap:PersistentLevel.FirstPersonExampleMap' with GeneratedClass '/Game/FirstPersonBP/Maps/FirstPersonExampleMap.FirstPersonExampleMap_C' with ClassGeneratedBy '/Game/FirstPersonBP/Maps/FirstPersonExampleMap.FirstPersonExampleMap:PersistentLevel.FirstPersonExampleMap'
[2020.09.23-18.25.27:319][714]LogPlayLevel: PlayLevel: No blueprints needed recompiling
[2020.09.23-18.25.27:319][714]PIE: New page: PIE session: FirstPersonExampleMap (Sep 23, 2020, 8:25:27 AM)
[2020.09.23-18.25.27:319][714]LogPlayLevel: Creating play world package: /Game/FirstPersonBP/Maps/UEDPIE_0_FirstPersonExampleMap
[2020.09.23-18.25.27:334][714]LogPlayLevel: PIE: StaticDuplicateObject took: (0.015065s)
[2020.09.23-18.25.27:335][714]LogAIModule: Creating AISystem for world FirstPersonExampleMap
[2020.09.23-18.25.27:335][714]LogPlayLevel: PIE: World Init took: (0.000852s)
[2020.09.23-18.25.27:335][714]LogPlayLevel: PIE: Created PIE world by copying editor world from /Game/FirstPersonBP/Maps/FirstPersonExampleMap.FirstPersonExampleMap to /Game/FirstPersonBP/Maps/UEDPIE_0_FirstPersonExampleMap.FirstPersonExampleMap (0.016197s)
[2020.09.23-18.25.27:366][714]LogInit: XAudio2 using 'Altavoces (Realtek(R) Audio)' : 2 channels at 48 kHz using 32 bits per sample (channel mask 0x3)
[2020.09.23-18.25.27:382][714]LogInit: FAudioDevice initialized.
[2020.09.23-18.25.27:443][714]LogLoad: Game class is 'FirstPersonGameMode_C'
[2020.09.23-18.25.27:446][714]LogWorld: Bringing World /Game/FirstPersonBP/Maps/UEDPIE_0_FirstPersonExampleMap.FirstPersonExampleMap up for play (max tick rate 0) at 2020.09.23-13.25.27
[2020.09.23-18.25.27:446][714]LogWorld: Bringing up level for play took: 0.002366
[2020.09.23-18.25.27:452][714]PIE: Play in editor start time for /Game/FirstPersonBP/Maps/UEDPIE_0_FirstPersonExampleMap 0.281
[2020.09.23-18.25.27:453][714]LogBlueprintUserMessages: Late PlayInEditor Detection: Level '/Game/FirstPersonBP/Maps/FirstPersonExampleMap.FirstPersonExampleMap:PersistentLevel' has LevelScriptBlueprint '/Game/FirstPersonBP/Maps/FirstPersonExampleMap.FirstPersonExampleMap:PersistentLevel.FirstPersonExampleMap' with GeneratedClass '/Game/FirstPersonBP/Maps/FirstPersonExampleMap.FirstPersonExampleMap_C' with ClassGeneratedBy '/Game/FirstPersonBP/Maps/FirstPersonExampleMap.FirstPersonExampleMap:PersistentLevel.FirstPersonExampleMap'
[2020.09.23-18.25.28:441][823]LogBlueprintUserMessages: [RBulletBP_C_0] Hello
[2020.09.23-18.25.43:091][579]LogBlueprintUserMessages: [RBulletBP_C_8] Hello
[2020.09.23-18.25.44:334][728]LogBlueprintUserMessages: [RBulletBP_C_9] Hello
[2020.09.23-18.25.45:975][925]LogBlueprintUserMessages: [RBulletBP_C_10] Hello
[2020.09.23-18.25.46:126][943]LogBlueprintUserMessages: [RBulletBP_C_11] Hello
[2020.09.23-18.25.46:459][983]LogBlueprintUserMessages: [RBulletBP_C_12] Hello
[2020.09.23-18.25.46:626][  3]LogBlueprintUserMessages: [RBulletBP_C_13] Hello
[2020.09.23-18.25.46:768][ 20]LogBlueprintUserMessages: [RBulletBP_C_14] Hello
[2020.09.23-18.25.46:909][ 37]LogBlueprintUserMessages: [RBulletBP_C_15] Hello
[2020.09.23-18.25.47:059][ 55]LogBlueprintUserMessages: [RBulletBP_C_16] Hello
[2020.09.23-18.25.48:093][179]LogBlueprintUserMessages: Early EndPlayMap Detection: Level '/Game/FirstPersonBP/Maps/FirstPersonExampleMap.FirstPersonExampleMap:PersistentLevel' has LevelScriptBlueprint '/Game/FirstPersonBP/Maps/FirstPersonExampleMap.FirstPersonExampleMap:PersistentLevel.FirstPersonExampleMap' with GeneratedClass '/Game/FirstPersonBP/Maps/FirstPersonExampleMap.FirstPersonExampleMap_C' with ClassGeneratedBy '/Game/FirstPersonBP/Maps/FirstPersonExampleMap.FirstPersonExampleMap:PersistentLevel.FirstPersonExampleMap'
[2020.09.23-18.25.48:138][179]LogBlueprintUserMessages: Late EndPlayMap Detection: Level '/Game/FirstPersonBP/Maps/FirstPersonExampleMap.FirstPersonExampleMap:PersistentLevel' has LevelScriptBlueprint '/Game/FirstPersonBP/Maps/FirstPersonExampleMap.FirstPersonExampleMap:PersistentLevel.FirstPersonExampleMap' with GeneratedClass '/Game/FirstPersonBP/Maps/FirstPersonExampleMap.FirstPersonExampleMap_C' with ClassGeneratedBy '/Game/FirstPersonBP/Maps/FirstPersonExampleMap.FirstPersonExampleMap:PersistentLevel.FirstPersonExampleMap'
[2020.09.23-18.26.17:311][665]BlueprintLog: New page: Compile RBulletBP
[2020.09.23-18.27.36:890][ 82]BlueprintLog: New page: Compile FirstPersonCharacter
[2020.09.23-18.28.44:330][ 51]BlueprintLog: New page: Compile FirstPersonCharacter
[2020.09.23-18.31.51:116][190]BlueprintLog: New page: Compile FirstPersonCharacter
[2020.09.23-18.31.52:111][250]LogSavePackage: Save=97.61ms
[2020.09.23-18.31.52:111][250]LogSavePackage: Moving 'C:/Users/Sebastian/Desktop/TallerPractico/TallerPractico/TallerPractico/Saved/FirstPersonCharacter2F6D5F124151123D55B768B6335D019D.tmp' to 'C:/Users/Sebastian/Desktop/TallerPractico/TallerPractico/TallerPractico/Content/FirstPersonBP/Blueprints/FirstPersonCharacter.uasset'
[2020.09.23-18.31.52:118][250]LogSavePackage: Display: Finished SavePackage C:/Users/Sebastian/Desktop/TallerPractico/TallerPractico/TallerPractico/Content/FirstPersonBP/Blueprints/FirstPersonCharacter.uasset
[2020.09.23-18.31.54:948][587]LogTemp: Repeating last play command: New Editor Window (PIE)
[2020.09.23-18.31.54:975][587]LogBlueprintUserMessages: Early PlayInEditor Detection: Level '/Game/FirstPersonBP/Maps/FirstPersonExampleMap.FirstPersonExampleMap:PersistentLevel' has LevelScriptBlueprint '/Game/FirstPersonBP/Maps/FirstPersonExampleMap.FirstPersonExampleMap:PersistentLevel.FirstPersonExampleMap' with GeneratedClass '/Game/FirstPersonBP/Maps/FirstPersonExampleMap.FirstPersonExampleMap_C' with ClassGeneratedBy '/Game/FirstPersonBP/Maps/FirstPersonExampleMap.FirstPersonExampleMap:PersistentLevel.FirstPersonExampleMap'
[2020.09.23-18.31.54:975][587]LogPlayLevel: PlayLevel: No blueprints needed recompiling
[2020.09.23-18.31.54:975][587]PIE: New page: PIE session: FirstPersonExampleMap (Sep 23, 2020, 8:31:54 AM)
[2020.09.23-18.31.54:975][587]LogPlayLevel: Creating play world package: /Game/FirstPersonBP/Maps/UEDPIE_0_FirstPersonExampleMap
[2020.09.23-18.31.54:990][587]LogPlayLevel: PIE: StaticDuplicateObject took: (0.014582s)
[2020.09.23-18.31.54:991][587]LogAIModule: Creating AISystem for world FirstPersonExampleMap
[2020.09.23-18.31.54:991][587]LogPlayLevel: PIE: World Init took: (0.000805s)
[2020.09.23-18.31.54:991][587]LogPlayLevel: PIE: Created PIE world by copying editor world from /Game/FirstPersonBP/Maps/FirstPersonExampleMap.FirstPersonExampleMap to /Game/FirstPersonBP/Maps/UEDPIE_0_FirstPersonExampleMap.FirstPersonExampleMap (0.015666s)
[2020.09.23-18.31.55:022][587]LogInit: XAudio2 using 'Altavoces (Realtek(R) Audio)' : 2 channels at 48 kHz using 32 bits per sample (channel mask 0x3)
[2020.09.23-18.31.55:039][587]LogInit: FAudioDevice initialized.
[2020.09.23-18.31.55:087][587]LogLoad: Game class is 'FirstPersonGameMode_C'
[2020.09.23-18.31.55:089][587]LogWorld: Bringing World /Game/FirstPersonBP/Maps/UEDPIE_0_FirstPersonExampleMap.FirstPersonExampleMap up for play (max tick rate 0) at 2020.09.23-13.31.55
[2020.09.23-18.31.55:090][587]LogWorld: Bringing up level for play took: 0.001388
[2020.09.23-18.31.55:094][587]PIE: Play in editor start time for /Game/FirstPersonBP/Maps/UEDPIE_0_FirstPersonExampleMap -0.076
[2020.09.23-18.31.55:094][587]LogBlueprintUserMessages: Late PlayInEditor Detection: Level '/Game/FirstPersonBP/Maps/FirstPersonExampleMap.FirstPersonExampleMap:PersistentLevel' has LevelScriptBlueprint '/Game/FirstPersonBP/Maps/FirstPersonExampleMap.FirstPersonExampleMap:PersistentLevel.FirstPersonExampleMap' with GeneratedClass '/Game/FirstPersonBP/Maps/FirstPersonExampleMap.FirstPersonExampleMap_C' with ClassGeneratedBy '/Game/FirstPersonBP/Maps/FirstPersonExampleMap.FirstPersonExampleMap:PersistentLevel.FirstPersonExampleMap'
[2020.09.23-18.32.01:243][318]LogBlueprintUserMessages: [RBulletBP_C_1] Hello
[2020.09.23-18.32.08:622][203]LogBlueprintUserMessages: Early EndPlayMap Detection: Level '/Game/FirstPersonBP/Maps/FirstPersonExampleMap.FirstPersonExampleMap:PersistentLevel' has LevelScriptBlueprint '/Game/FirstPersonBP/Maps/FirstPersonExampleMap.FirstPersonExampleMap:PersistentLevel.FirstPersonExampleMap' with GeneratedClass '/Game/FirstPersonBP/Maps/FirstPersonExampleMap.FirstPersonExampleMap_C' with ClassGeneratedBy '/Game/FirstPersonBP/Maps/FirstPersonExampleMap.FirstPersonExampleMap:PersistentLevel.FirstPersonExampleMap'
[2020.09.23-18.32.08:661][203]LogBlueprintUserMessages: Late EndPlayMap Detection: Level '/Game/FirstPersonBP/Maps/FirstPersonExampleMap.FirstPersonExampleMap:PersistentLevel' has LevelScriptBlueprint '/Game/FirstPersonBP/Maps/FirstPersonExampleMap.FirstPersonExampleMap:PersistentLevel.FirstPersonExampleMap' with GeneratedClass '/Game/FirstPersonBP/Maps/FirstPersonExampleMap.FirstPersonExampleMap_C' with ClassGeneratedBy '/Game/FirstPersonBP/Maps/FirstPersonExampleMap.FirstPersonExampleMap:PersistentLevel.FirstPersonExampleMap'
[2020.09.23-18.32.48:146][914]BlueprintLog: New page: Compile FirstPersonCharacter
[2020.09.23-18.32.49:027][961]LogSavePackage: Save=98.87ms
[2020.09.23-18.32.49:027][961]LogSavePackage: Moving 'C:/Users/Sebastian/Desktop/TallerPractico/TallerPractico/TallerPractico/Saved/FirstPersonCharacterF1662D2649990F039C11C79A2B25A038.tmp' to 'C:/Users/Sebastian/Desktop/TallerPractico/TallerPractico/TallerPractico/Content/FirstPersonBP/Blueprints/FirstPersonCharacter.uasset'
[2020.09.23-18.32.49:032][961]LogSavePackage: Display: Finished SavePackage C:/Users/Sebastian/Desktop/TallerPractico/TallerPractico/TallerPractico/Content/FirstPersonBP/Blueprints/FirstPersonCharacter.uasset
[2020.09.23-18.32.52:809][411]LogTemp: Repeating last play command: New Editor Window (PIE)
[2020.09.23-18.32.52:833][411]LogBlueprintUserMessages: Early PlayInEditor Detection: Level '/Game/FirstPersonBP/Maps/FirstPersonExampleMap.FirstPersonExampleMap:PersistentLevel' has LevelScriptBlueprint '/Game/FirstPersonBP/Maps/FirstPersonExampleMap.FirstPersonExampleMap:PersistentLevel.FirstPersonExampleMap' with GeneratedClass '/Game/FirstPersonBP/Maps/FirstPersonExampleMap.FirstPersonExampleMap_C' with ClassGeneratedBy '/Game/FirstPersonBP/Maps/FirstPersonExampleMap.FirstPersonExampleMap:PersistentLevel.FirstPersonExampleMap'
[2020.09.23-18.32.52:833][411]LogPlayLevel: PlayLevel: No blueprints needed recompiling
[2020.09.23-18.32.52:833][411]PIE: New page: PIE session: FirstPersonExampleMap (Sep 23, 2020, 8:32:52 AM)
[2020.09.23-18.32.52:833][411]LogPlayLevel: Creating play world package: /Game/FirstPersonBP/Maps/UEDPIE_0_FirstPersonExampleMap
[2020.09.23-18.32.52:847][411]LogPlayLevel: PIE: StaticDuplicateObject took: (0.013647s)
[2020.09.23-18.32.52:848][411]LogAIModule: Creating AISystem for world FirstPersonExampleMap
[2020.09.23-18.32.52:848][411]LogPlayLevel: PIE: World Init took: (0.000755s)
[2020.09.23-18.32.52:848][411]LogPlayLevel: PIE: Created PIE world by copying editor world from /Game/FirstPersonBP/Maps/FirstPersonExampleMap.FirstPersonExampleMap to /Game/FirstPersonBP/Maps/UEDPIE_0_FirstPersonExampleMap.FirstPersonExampleMap (0.014679s)
[2020.09.23-18.32.52:880][411]LogInit: XAudio2 using 'Altavoces (Realtek(R) Audio)' : 2 channels at 48 kHz using 32 bits per sample (channel mask 0x3)
[2020.09.23-18.32.52:895][411]LogInit: FAudioDevice initialized.
[2020.09.23-18.32.52:944][411]LogLoad: Game class is 'FirstPersonGameMode_C'
[2020.09.23-18.32.52:946][411]LogWorld: Bringing World /Game/FirstPersonBP/Maps/UEDPIE_0_FirstPersonExampleMap.FirstPersonExampleMap up for play (max tick rate 0) at 2020.09.23-13.32.52
[2020.09.23-18.32.52:947][411]LogWorld: Bringing up level for play took: 0.001472
[2020.09.23-18.32.52:950][411]PIE: Play in editor start time for /Game/FirstPersonBP/Maps/UEDPIE_0_FirstPersonExampleMap -0.22
[2020.09.23-18.32.52:951][411]LogBlueprintUserMessages: Late PlayInEditor Detection: Level '/Game/FirstPersonBP/Maps/FirstPersonExampleMap.FirstPersonExampleMap:PersistentLevel' has LevelScriptBlueprint '/Game/FirstPersonBP/Maps/FirstPersonExampleMap.FirstPersonExampleMap:PersistentLevel.FirstPersonExampleMap' with GeneratedClass '/Game/FirstPersonBP/Maps/FirstPersonExampleMap.FirstPersonExampleMap_C' with ClassGeneratedBy '/Game/FirstPersonBP/Maps/FirstPersonExampleMap.FirstPersonExampleMap:PersistentLevel.FirstPersonExampleMap'
[2020.09.23-18.33.15:235][ 79]LogBlueprintUserMessages: [RBulletBP_C_3] Hello
[2020.09.23-18.33.20:704][735]LogBlueprintUserMessages: Early EndPlayMap Detection: Level '/Game/FirstPersonBP/Maps/FirstPersonExampleMap.FirstPersonExampleMap:PersistentLevel' has LevelScriptBlueprint '/Game/FirstPersonBP/Maps/FirstPersonExampleMap.FirstPersonExampleMap:PersistentLevel.FirstPersonExampleMap' with GeneratedClass '/Game/FirstPersonBP/Maps/FirstPersonExampleMap.FirstPersonExampleMap_C' with ClassGeneratedBy '/Game/FirstPersonBP/Maps/FirstPersonExampleMap.FirstPersonExampleMap:PersistentLevel.FirstPersonExampleMap'
[2020.09.23-18.33.20:751][735]LogBlueprintUserMessages: Late EndPlayMap Detection: Level '/Game/FirstPersonBP/Maps/FirstPersonExampleMap.FirstPersonExampleMap:PersistentLevel' has LevelScriptBlueprint '/Game/FirstPersonBP/Maps/FirstPersonExampleMap.FirstPersonExampleMap:PersistentLevel.FirstPersonExampleMap' with GeneratedClass '/Game/FirstPersonBP/Maps/FirstPersonExampleMap.FirstPersonExampleMap_C' with ClassGeneratedBy '/Game/FirstPersonBP/Maps/FirstPersonExampleMap.FirstPersonExampleMap:PersistentLevel.FirstPersonExampleMap'
[2020.09.23-18.34.00:773][529]BlueprintLog: New page: Compile RBulletBP
[2020.09.23-18.34.01:493][580]LogSavePackage: Save=22.68ms
[2020.09.23-18.34.01:493][580]LogSavePackage: Moving 'C:/Users/Sebastian/Desktop/TallerPractico/TallerPractico/TallerPractico/Saved/RBulletBPD216BC5F4FDDD0F5DE3DD897ED828599.tmp' to 'C:/Users/Sebastian/Desktop/TallerPractico/TallerPractico/TallerPractico/Content/FirstPersonBP/Blueprints/RBulletBP.uasset'
[2020.09.23-18.34.01:498][580]LogSavePackage: Display: Finished SavePackage C:/Users/Sebastian/Desktop/TallerPractico/TallerPractico/TallerPractico/Content/FirstPersonBP/Blueprints/RBulletBP.uasset
[2020.09.23-18.34.11:932][823]LogTemp: Repeating last play command: New Editor Window (PIE)
[2020.09.23-18.34.11:941][823]LogBlueprintUserMessages: Early PlayInEditor Detection: Level '/Game/FirstPersonBP/Maps/FirstPersonExampleMap.FirstPersonExampleMap:PersistentLevel' has LevelScriptBlueprint '/Game/FirstPersonBP/Maps/FirstPersonExampleMap.FirstPersonExampleMap:PersistentLevel.FirstPersonExampleMap' with GeneratedClass '/Game/FirstPersonBP/Maps/FirstPersonExampleMap.FirstPersonExampleMap_C' with ClassGeneratedBy '/Game/FirstPersonBP/Maps/FirstPersonExampleMap.FirstPersonExampleMap:PersistentLevel.FirstPersonExampleMap'
[2020.09.23-18.34.11:941][823]LogPlayLevel: PlayLevel: No blueprints needed recompiling
[2020.09.23-18.34.11:941][823]PIE: New page: PIE session: FirstPersonExampleMap (Sep 23, 2020, 8:34:11 AM)
[2020.09.23-18.34.11:941][823]LogPlayLevel: Creating play world package: /Game/FirstPersonBP/Maps/UEDPIE_0_FirstPersonExampleMap
[2020.09.23-18.34.11:955][823]LogPlayLevel: PIE: StaticDuplicateObject took: (0.013714s)
[2020.09.23-18.34.11:956][823]LogAIModule: Creating AISystem for world FirstPersonExampleMap
[2020.09.23-18.34.11:956][823]LogPlayLevel: PIE: World Init took: (0.000803s)
[2020.09.23-18.34.11:956][823]LogPlayLevel: PIE: Created PIE world by copying editor world from /Game/FirstPersonBP/Maps/FirstPersonExampleMap.FirstPersonExampleMap to /Game/FirstPersonBP/Maps/UEDPIE_0_FirstPersonExampleMap.FirstPersonExampleMap (0.014773s)
[2020.09.23-18.34.11:988][823]LogInit: XAudio2 using 'Altavoces (Realtek(R) Audio)' : 2 channels at 48 kHz using 32 bits per sample (channel mask 0x3)
[2020.09.23-18.34.12:005][823]LogInit: FAudioDevice initialized.
[2020.09.23-18.34.12:064][823]LogLoad: Game class is 'FirstPersonGameMode_C'
[2020.09.23-18.34.12:068][823]LogWorld: Bringing World /Game/FirstPersonBP/Maps/UEDPIE_0_FirstPersonExampleMap.FirstPersonExampleMap up for play (max tick rate 0) at 2020.09.23-13.34.12
[2020.09.23-18.34.12:068][823]LogWorld: Bringing up level for play took: 0.002502
[2020.09.23-18.34.12:074][823]PIE: Play in editor start time for /Game/FirstPersonBP/Maps/UEDPIE_0_FirstPersonExampleMap 0.904
[2020.09.23-18.34.12:074][823]LogBlueprintUserMessages: Late PlayInEditor Detection: Level '/Game/FirstPersonBP/Maps/FirstPersonExampleMap.FirstPersonExampleMap:PersistentLevel' has LevelScriptBlueprint '/Game/FirstPersonBP/Maps/FirstPersonExampleMap.FirstPersonExampleMap:PersistentLevel.FirstPersonExampleMap' with GeneratedClass '/Game/FirstPersonBP/Maps/FirstPersonExampleMap.FirstPersonExampleMap_C' with ClassGeneratedBy '/Game/FirstPersonBP/Maps/FirstPersonExampleMap.FirstPersonExampleMap:PersistentLevel.FirstPersonExampleMap'
[2020.09.23-18.34.12:743][896]LogBlueprintUserMessages: [RBulletBP_C_0] Awwwww
[2020.09.23-18.34.18:094][538]LogBlueprintUserMessages: Early EndPlayMap Detection: Level '/Game/FirstPersonBP/Maps/FirstPersonExampleMap.FirstPersonExampleMap:PersistentLevel' has LevelScriptBlueprint '/Game/FirstPersonBP/Maps/FirstPersonExampleMap.FirstPersonExampleMap:PersistentLevel.FirstPersonExampleMap' with GeneratedClass '/Game/FirstPersonBP/Maps/FirstPersonExampleMap.FirstPersonExampleMap_C' with ClassGeneratedBy '/Game/FirstPersonBP/Maps/FirstPersonExampleMap.FirstPersonExampleMap:PersistentLevel.FirstPersonExampleMap'
[2020.09.23-18.34.18:151][538]LogBlueprintUserMessages: Late EndPlayMap Detection: Level '/Game/FirstPersonBP/Maps/FirstPersonExampleMap.FirstPersonExampleMap:PersistentLevel' has LevelScriptBlueprint '/Game/FirstPersonBP/Maps/FirstPersonExampleMap.FirstPersonExampleMap:PersistentLevel.FirstPersonExampleMap' with GeneratedClass '/Game/FirstPersonBP/Maps/FirstPersonExampleMap.FirstPersonExampleMap_C' with ClassGeneratedBy '/Game/FirstPersonBP/Maps/FirstPersonExampleMap.FirstPersonExampleMap:PersistentLevel.FirstPersonExampleMap'
[2020.09.23-18.34.53:653][751]BlueprintLog: New page: Compile YBulletBP
[2020.09.23-18.35.52:040][684]BlueprintLog: New page: Compile FirstPersonCharacter
[2020.09.23-18.35.52:853][721]LogSavePackage: Save=99.15ms
[2020.09.23-18.35.52:853][721]LogSavePackage: Moving 'C:/Users/Sebastian/Desktop/TallerPractico/TallerPractico/TallerPractico/Saved/FirstPersonCharacter4A585E0844B7458272FDA0A9EE644681.tmp' to 'C:/Users/Sebastian/Desktop/TallerPractico/TallerPractico/TallerPractico/Content/FirstPersonBP/Blueprints/FirstPersonCharacter.uasset'
[2020.09.23-18.35.52:857][721]LogSavePackage: Display: Finished SavePackage C:/Users/Sebastian/Desktop/TallerPractico/TallerPractico/TallerPractico/Content/FirstPersonBP/Blueprints/FirstPersonCharacter.uasset
[2020.09.23-18.35.54:027][859]BlueprintLog: New page: Compile YBulletBP
[2020.09.23-18.35.54:712][903]LogSavePackage: Save=22.89ms
[2020.09.23-18.35.54:712][903]LogSavePackage: Moving 'C:/Users/Sebastian/Desktop/TallerPractico/TallerPractico/TallerPractico/Saved/YBulletBP5ABE1AF248043238F3E736BCE31C1043.tmp' to 'C:/Users/Sebastian/Desktop/TallerPractico/TallerPractico/TallerPractico/Content/FirstPersonBP/Blueprints/YBulletBP.uasset'
[2020.09.23-18.35.54:717][903]LogSavePackage: Display: Finished SavePackage C:/Users/Sebastian/Desktop/TallerPractico/TallerPractico/TallerPractico/Content/FirstPersonBP/Blueprints/YBulletBP.uasset
[2020.09.23-18.35.55:726][ 24]BlueprintLog: New page: Compile RBulletBP
[2020.09.23-18.35.56:346][ 63]LogSavePackage: Save=22.73ms
[2020.09.23-18.35.56:346][ 63]LogSavePackage: Moving 'C:/Users/Sebastian/Desktop/TallerPractico/TallerPractico/TallerPractico/Saved/RBulletBP8F8D4A78436F5FEE581B78B8C3A3831D.tmp' to 'C:/Users/Sebastian/Desktop/TallerPractico/TallerPractico/TallerPractico/Content/FirstPersonBP/Blueprints/RBulletBP.uasset'
[2020.09.23-18.35.56:349][ 63]LogSavePackage: Display: Finished SavePackage C:/Users/Sebastian/Desktop/TallerPractico/TallerPractico/TallerPractico/Content/FirstPersonBP/Blueprints/RBulletBP.uasset
[2020.09.23-18.36.37:610][618]LogSlate: Took 0.000199 seconds to synchronously load lazily loaded font '../../../Engine/Content/Slate/Fonts/Roboto-Light.ttf' (159K)
[2020.09.23-18.36.43:421][635]LogSavePackage: Save=117.89ms
[2020.09.23-18.36.43:421][635]LogSavePackage: Moving 'C:/Users/Sebastian/Desktop/TallerPractico/TallerPractico/TallerPractico/Saved/FirstPersonExampleMap4AAC642D4B845CECCF63F9978CBC7DB5.tmp' to 'C:/Users/Sebastian/Desktop/TallerPractico/TallerPractico/TallerPractico/Content/FirstPersonBP/Maps/FirstPersonExampleMap.umap'
[2020.09.23-18.36.43:426][635]LogSavePackage: Display: Finished SavePackage C:/Users/Sebastian/Desktop/TallerPractico/TallerPractico/TallerPractico/Content/FirstPersonBP/Maps/FirstPersonExampleMap.umap
[2020.09.23-18.36.43:867][635]LogSavePackage: Save=412.88ms
[2020.09.23-18.36.43:867][635]LogSavePackage: Moving 'C:/Users/Sebastian/Desktop/TallerPractico/TallerPractico/TallerPractico/Saved/FirstPersonExampleMap_BuiltData18B270674565BAB523C4FEA86AA18BA8.tmp' to 'C:/Users/Sebastian/Desktop/TallerPractico/TallerPractico/TallerPractico/Content/FirstPersonBP/Maps/FirstPersonExampleMap_BuiltData.uasset'
[2020.09.23-18.36.43:871][635]LogSavePackage: Display: Finished SavePackage C:/Users/Sebastian/Desktop/TallerPractico/TallerPractico/TallerPractico/Content/FirstPersonBP/Maps/FirstPersonExampleMap_BuiltData.uasset
